This is pdfTeX, Version 3.141592653-2.6-1.40.22 (TeX Live 2021) (preloaded format=pdflatex 2021.6.1)  3 AUG 2021 09:03
entering extended mode
 restricted \write18 enabled.
 file:line:error style messages enabled.
 %&-line parsing enabled.
**thesis.tex
(./thesis.tex
LaTeX2e <2020-10-01> patch level 4
L3 programming layer <2021-02-18> (./thesis.cls
(/usr/local/texlive/2021/texmf-dist/tex/latex/nag/nag.sty
Package: nag 2011/11/25 0.7 warning about old commands (ulmi)
\c@nag@c=\count179
\c@nag@sins=\count180
Package nag Info: Loaded nag-l2tabu.cfg  on input line 552.

(/usr/local/texlive/2021/texmf-dist/tex/latex/nag/nag-l2tabu.cfg
File: nag-l2tabu.cfg 2010/05/17 v2.11 l2tabu rules for nag.sty (ulmi)
)
Package nag Info: Loaded nag-orthodox.cfg  on input line 552.

(/usr/local/texlive/2021/texmf-dist/tex/latex/nag/nag-orthodox.cfg
File: nag-orthodox.cfg 2006/04/19 v1.8 strict rules for nag.sty (ulmi)
))
Document Class: thesis 
(/usr/local/texlive/2021/texmf-dist/tex/latex/base/book.cls
Document Class: book 2020/04/10 v1.4m Standard LaTeX document class
(/usr/local/texlive/2021/texmf-dist/tex/latex/base/bk12.clo
File: bk12.clo 2020/04/10 v1.4m Standard LaTeX file (size option)
)
\c@part=\count181
\c@chapter=\count182
\c@section=\count183
\c@subsection=\count184
\c@subsubsection=\count185
\c@paragraph=\count186
\c@subparagraph=\count187
\c@figure=\count188
\c@table=\count189
\abovecaptionskip=\skip47
\belowcaptionskip=\skip48
\bibindent=\dimen138
)
(/usr/local/texlive/2021/texmf-dist/tex/latex/base/fontenc.sty
Package: fontenc 2020/08/10 v2.0s Standard LaTeX package
)
(/usr/local/texlive/2021/texmf-dist/tex/latex/base/inputenc.sty
Package: inputenc 2020/08/01 v1.3d Input encoding file
\inpenc@prehook=\toks15
\inpenc@posthook=\toks16
)
(/usr/local/texlive/2021/texmf-dist/tex/latex/geometry/geometry.sty
Package: geometry 2020/01/02 v5.9 Page Geometry

(/usr/local/texlive/2021/texmf-dist/tex/latex/graphics/keyval.sty
Package: keyval 2014/10/28 v1.15 key=value parser (DPC)
\KV@toks@=\toks17
)
(/usr/local/texlive/2021/texmf-dist/tex/generic/iftex/ifvtex.sty
Package: ifvtex 2019/10/25 v1.7 ifvtex legacy package. Use iftex instead.

(/usr/local/texlive/2021/texmf-dist/tex/generic/iftex/iftex.sty
Package: iftex 2020/03/06 v1.0d TeX engine tests
))
\Gm@cnth=\count190
\Gm@cntv=\count191
\c@Gm@tempcnt=\count192
\Gm@bindingoffset=\dimen139
\Gm@wd@mp=\dimen140
\Gm@odd@mp=\dimen141
\Gm@even@mp=\dimen142
\Gm@layoutwidth=\dimen143
\Gm@layoutheight=\dimen144
\Gm@layouthoffset=\dimen145
\Gm@layoutvoffset=\dimen146
\Gm@dimlist=\toks18
)
(/usr/local/texlive/2021/texmf-dist/tex/latex/graphics/graphicx.sty
Package: graphicx 2020/09/09 v1.2b Enhanced LaTeX Graphics (DPC,SPQR)

(/usr/local/texlive/2021/texmf-dist/tex/latex/graphics/graphics.sty
Package: graphics 2020/08/30 v1.4c Standard LaTeX Graphics (DPC,SPQR)

(/usr/local/texlive/2021/texmf-dist/tex/latex/graphics/trig.sty
Package: trig 2016/01/03 v1.10 sin cos tan (DPC)
)
(/usr/local/texlive/2021/texmf-dist/tex/latex/graphics-cfg/graphics.cfg
File: graphics.cfg 2016/06/04 v1.11 sample graphics configuration
)
Package graphics Info: Driver file: pdftex.def on input line 105.

(/usr/local/texlive/2021/texmf-dist/tex/latex/graphics-def/pdftex.def
File: pdftex.def 2020/10/05 v1.2a Graphics/color driver for pdftex
))
\Gin@req@height=\dimen147
\Gin@req@width=\dimen148
)
(/usr/local/texlive/2021/texmf-dist/tex/latex/base/makeidx.sty
Package: makeidx 2014/09/29 v1.0m Standard LaTeX package
)
(/usr/local/texlive/2021/texmf-dist/tex/latex/microtype/microtype.sty
Package: microtype 2021/03/14 v2.8c Micro-typographical refinements (RS)
\MT@toks=\toks19
\MT@count=\count193
LaTeX Info: Redefining \textls on input line 790.
\MT@outer@kern=\dimen149
LaTeX Info: Redefining \textmicrotypecontext on input line 1374.
\MT@listname@count=\count194

(/usr/local/texlive/2021/texmf-dist/tex/latex/microtype/microtype-pdftex.def
File: microtype-pdftex.def 2021/03/14 v2.8c Definitions specific to pdftex (RS)

LaTeX Info: Redefining \lsstyle on input line 915.
LaTeX Info: Redefining \lslig on input line 915.
\MT@outer@space=\skip49
)
Package microtype Info: Loading configuration file microtype.cfg.

(/usr/local/texlive/2021/texmf-dist/tex/latex/microtype/microtype.cfg
File: microtype.cfg 2021/03/14 v2.8c microtype main configuration file (RS)
))
(/usr/local/texlive/2021/texmf-dist/tex/latex/natbib/natbib.sty
Package: natbib 2010/09/13 8.31b (PWD, AO)
\bibhang=\skip50
\bibsep=\skip51
LaTeX Info: Redefining \cite on input line 694.
\c@NAT@ctr=\count195
)
(/usr/local/texlive/2021/texmf-dist/tex/latex/etoolbox/etoolbox.sty
Package: etoolbox 2020/10/05 v2.5k e-TeX tools for LaTeX (JAW)
\etb@tempcnta=\count196
)
(/usr/local/texlive/2021/texmf-dist/tex/latex/fancyhdr/fancyhdr.sty
Package: fancyhdr 2021/01/28 v4.0.1 Extensive control of page headers and foote
rs
\f@nch@headwidth=\skip52
\f@nch@O@elh=\skip53
\f@nch@O@erh=\skip54
\f@nch@O@olh=\skip55
\f@nch@O@orh=\skip56
\f@nch@O@elf=\skip57
\f@nch@O@erf=\skip58
\f@nch@O@olf=\skip59
\f@nch@O@orf=\skip60
)
(/usr/local/texlive/2021/texmf-dist/tex/latex/xcolor/xcolor.sty
Package: xcolor 2016/05/11 v2.12 LaTeX color extensions (UK)

(/usr/local/texlive/2021/texmf-dist/tex/latex/graphics-cfg/color.cfg
File: color.cfg 2016/01/02 v1.6 sample color configuration
)
Package xcolor Info: Driver file: pdftex.def on input line 225.

(/usr/local/texlive/2021/texmf-dist/tex/latex/colortbl/colortbl.sty
Package: colortbl 2020/01/04 v1.0e Color table columns (DPC)

(/usr/local/texlive/2021/texmf-dist/tex/latex/tools/array.sty
Package: array 2020/10/01 v2.5c Tabular extension package (FMi)
\col@sep=\dimen150
\ar@mcellbox=\box47
\extrarowheight=\dimen151
\NC@list=\toks20
\extratabsurround=\skip61
\backup@length=\skip62
\ar@cellbox=\box48
)
\everycr=\toks21
\minrowclearance=\skip63
)
\rownum=\count197
Package xcolor Info: Model `cmy' substituted by `cmy0' on input line 1348.
Package xcolor Info: Model `hsb' substituted by `rgb' on input line 1352.
Package xcolor Info: Model `RGB' extended on input line 1364.
Package xcolor Info: Model `HTML' substituted by `rgb' on input line 1366.
Package xcolor Info: Model `Hsb' substituted by `hsb' on input line 1367.
Package xcolor Info: Model `tHsb' substituted by `hsb' on input line 1368.
Package xcolor Info: Model `HSB' substituted by `hsb' on input line 1369.
Package xcolor Info: Model `Gray' substituted by `gray' on input line 1370.
Package xcolor Info: Model `wave' substituted by `hsb' on input line 1371.
)
(/usr/local/texlive/2021/texmf-dist/tex/latex/booktabs/booktabs.sty
Package: booktabs 2020/01/12 v1.61803398 Publication quality tables
\heavyrulewidth=\dimen152
\lightrulewidth=\dimen153
\cmidrulewidth=\dimen154
\belowrulesep=\dimen155
\belowbottomsep=\dimen156
\aboverulesep=\dimen157
\abovetopsep=\dimen158
\cmidrulesep=\dimen159
\cmidrulekern=\dimen160
\defaultaddspace=\dimen161
\@cmidla=\count198
\@cmidlb=\count199
\@aboverulesep=\dimen162
\@belowrulesep=\dimen163
\@thisruleclass=\count266
\@lastruleclass=\count267
\@thisrulewidth=\dimen164
)
(/usr/local/texlive/2021/texmf-dist/tex/latex/tools/tabularx.sty
Package: tabularx 2020/01/15 v2.11c `tabularx' package (DPC)
\TX@col@width=\dimen165
\TX@old@table=\dimen166
\TX@old@col=\dimen167
\TX@target=\dimen168
\TX@delta=\dimen169
\TX@cols=\count268
\TX@ftn=\toks22
)
(/usr/local/texlive/2021/texmf-dist/tex/latex/multirow/multirow.sty
Package: multirow 2021/03/15 v2.8 Span multiple rows of a table
\multirow@colwidth=\skip64
\multirow@cntb=\count269
\multirow@dima=\skip65
\bigstrutjot=\dimen170
)
(/usr/local/texlive/2021/texmf-dist/tex/latex/tools/hhline.sty
Package: hhline 2020/01/04 v2.04 Table rule package (DPC)
)
(/usr/local/texlive/2021/texmf-dist/tex/latex/mathtools/mathtools.sty
Package: mathtools 2021/03/18 v1.25 mathematical typesetting tools

(/usr/local/texlive/2021/texmf-dist/tex/latex/tools/calc.sty
Package: calc 2017/05/25 v4.3 Infix arithmetic (KKT,FJ)
\calc@Acount=\count270
\calc@Bcount=\count271
\calc@Adimen=\dimen171
\calc@Bdimen=\dimen172
\calc@Askip=\skip66
\calc@Bskip=\skip67
LaTeX Info: Redefining \setlength on input line 80.
LaTeX Info: Redefining \addtolength on input line 81.
\calc@Ccount=\count272
\calc@Cskip=\skip68
)
(/usr/local/texlive/2021/texmf-dist/tex/latex/mathtools/mhsetup.sty
Package: mhsetup 2021/03/18 v1.4 programming setup (MH)
)
(/usr/local/texlive/2021/texmf-dist/tex/latex/amsmath/amsmath.sty
Package: amsmath 2020/09/23 v2.17i AMS math features
\@mathmargin=\skip69

For additional information on amsmath, use the `?' option.
(/usr/local/texlive/2021/texmf-dist/tex/latex/amsmath/amstext.sty
Package: amstext 2000/06/29 v2.01 AMS text

(/usr/local/texlive/2021/texmf-dist/tex/latex/amsmath/amsgen.sty
File: amsgen.sty 1999/11/30 v2.0 generic functions
\@emptytoks=\toks23
\ex@=\dimen173
))
(/usr/local/texlive/2021/texmf-dist/tex/latex/amsmath/amsbsy.sty
Package: amsbsy 1999/11/29 v1.2d Bold Symbols
\pmbraise@=\dimen174
)
(/usr/local/texlive/2021/texmf-dist/tex/latex/amsmath/amsopn.sty
Package: amsopn 2016/03/08 v2.02 operator names
)
\inf@bad=\count273
LaTeX Info: Redefining \frac on input line 234.
\uproot@=\count274
\leftroot@=\count275
LaTeX Info: Redefining \overline on input line 399.
\classnum@=\count276
\DOTSCASE@=\count277
LaTeX Info: Redefining \ldots on input line 496.
LaTeX Info: Redefining \dots on input line 499.
LaTeX Info: Redefining \cdots on input line 620.
\Mathstrutbox@=\box49
\strutbox@=\box50
\big@size=\dimen175
LaTeX Font Info:    Redeclaring font encoding OML on input line 743.
LaTeX Font Info:    Redeclaring font encoding OMS on input line 744.
\macc@depth=\count278
\c@MaxMatrixCols=\count279
\dotsspace@=\muskip16
\c@parentequation=\count280
\dspbrk@lvl=\count281
\tag@help=\toks24
\row@=\count282
\column@=\count283
\maxfields@=\count284
\andhelp@=\toks25
\eqnshift@=\dimen176
\alignsep@=\dimen177
\tagshift@=\dimen178
\tagwidth@=\dimen179
\totwidth@=\dimen180
\lineht@=\dimen181
\@envbody=\toks26
\multlinegap=\skip70
\multlinetaggap=\skip71
\mathdisplay@stack=\toks27
LaTeX Info: Redefining \[ on input line 2923.
LaTeX Info: Redefining \] on input line 2924.
)
LaTeX Info: Thecontrolsequence`\('isalreadyrobust on input line 130.
LaTeX Info: Thecontrolsequence`\)'isalreadyrobust on input line 130.
LaTeX Info: Thecontrolsequence`\['isalreadyrobust on input line 130.
LaTeX Info: Thecontrolsequence`\]'isalreadyrobust on input line 130.
\g_MT_multlinerow_int=\count285
\l_MT_multwidth_dim=\dimen182
\origjot=\skip72
\l_MT_shortvdotswithinadjustabove_dim=\dimen183
\l_MT_shortvdotswithinadjustbelow_dim=\dimen184
\l_MT_above_intertext_sep=\dimen185
\l_MT_below_intertext_sep=\dimen186
\l_MT_above_shortintertext_sep=\dimen187
\l_MT_below_shortintertext_sep=\dimen188
\xmathstrut@box=\box51
\xmathstrut@dim=\dimen189
)
(/usr/local/texlive/2021/texmf-dist/tex/latex/amscls/amsthm.sty
Package: amsthm 2020/05/29 v2.20.6
\thm@style=\toks28
\thm@bodyfont=\toks29
\thm@headfont=\toks30
\thm@notefont=\toks31
\thm@headpunct=\toks32
\thm@preskip=\skip73
\thm@postskip=\skip74
\thm@headsep=\skip75
\dth@everypar=\toks33
)
(/usr/local/texlive/2021/texmf-dist/tex/latex/amsfonts/amssymb.sty
Package: amssymb 2013/01/14 v3.01 AMS font symbols

(/usr/local/texlive/2021/texmf-dist/tex/latex/amsfonts/amsfonts.sty
Package: amsfonts 2013/01/14 v3.01 Basic AMSFonts support
\symAMSa=\mathgroup4
\symAMSb=\mathgroup5
LaTeX Font Info:    Redeclaring math symbol \hbar on input line 98.
LaTeX Font Info:    Overwriting math alphabet `\mathfrak' in version `bold'
(Font)                  U/euf/m/n --> U/euf/b/n on input line 106.
))
(/usr/local/texlive/2021/texmf-dist/tex/latex/wasysym/wasysym.sty
Package: wasysym 2020/01/19 v2.4 Wasy-2 symbol support package
\symwasy=\mathgroup6
LaTeX Font Info:    Overwriting symbol font `wasy' in version `bold'
(Font)                  U/wasy/m/n --> U/wasy/b/n on input line 93.
)
(/usr/local/texlive/2021/texmf-dist/tex/latex/tcolorbox/tcolorbox.sty
Package: tcolorbox 2020/10/09 version 4.42 text color boxes

(/usr/local/texlive/2021/texmf-dist/tex/latex/pgf/basiclayer/pgf.sty
(/usr/local/texlive/2021/texmf-dist/tex/latex/pgf/utilities/pgfrcs.sty
(/usr/local/texlive/2021/texmf-dist/tex/generic/pgf/utilities/pgfutil-common.te
x
\pgfutil@everybye=\toks34
\pgfutil@tempdima=\dimen190
\pgfutil@tempdimb=\dimen191

(/usr/local/texlive/2021/texmf-dist/tex/generic/pgf/utilities/pgfutil-common-li
sts.tex))
(/usr/local/texlive/2021/texmf-dist/tex/generic/pgf/utilities/pgfutil-latex.def
\pgfutil@abb=\box52
) (/usr/local/texlive/2021/texmf-dist/tex/generic/pgf/utilities/pgfrcs.code.tex
(/usr/local/texlive/2021/texmf-dist/tex/generic/pgf/pgf.revision.tex)
Package: pgfrcs 2020/12/27 v3.1.8b (3.1.8b)
))
Package: pgf 2020/12/27 v3.1.8b (3.1.8b)

(/usr/local/texlive/2021/texmf-dist/tex/latex/pgf/basiclayer/pgfcore.sty
(/usr/local/texlive/2021/texmf-dist/tex/latex/pgf/systemlayer/pgfsys.sty
(/usr/local/texlive/2021/texmf-dist/tex/generic/pgf/systemlayer/pgfsys.code.tex
Package: pgfsys 2020/12/27 v3.1.8b (3.1.8b)
(/usr/local/texlive/2021/texmf-dist/tex/generic/pgf/utilities/pgfkeys.code.tex
\pgfkeys@pathtoks=\toks35
\pgfkeys@temptoks=\toks36

(/usr/local/texlive/2021/texmf-dist/tex/generic/pgf/utilities/pgfkeysfiltered.c
ode.tex
\pgfkeys@tmptoks=\toks37
))
\pgf@x=\dimen192
\pgf@y=\dimen193
\pgf@xa=\dimen194
\pgf@ya=\dimen195
\pgf@xb=\dimen196
\pgf@yb=\dimen197
\pgf@xc=\dimen198
\pgf@yc=\dimen199
\pgf@xd=\dimen256
\pgf@yd=\dimen257
\w@pgf@writea=\write3
\r@pgf@reada=\read2
\c@pgf@counta=\count286
\c@pgf@countb=\count287
\c@pgf@countc=\count288
\c@pgf@countd=\count289
\t@pgf@toka=\toks38
\t@pgf@tokb=\toks39
\t@pgf@tokc=\toks40
\pgf@sys@id@count=\count290

(/usr/local/texlive/2021/texmf-dist/tex/generic/pgf/systemlayer/pgf.cfg
File: pgf.cfg 2020/12/27 v3.1.8b (3.1.8b)
)
Driver file for pgf: pgfsys-pdftex.def

(/usr/local/texlive/2021/texmf-dist/tex/generic/pgf/systemlayer/pgfsys-pdftex.d
ef
File: pgfsys-pdftex.def 2020/12/27 v3.1.8b (3.1.8b)

(/usr/local/texlive/2021/texmf-dist/tex/generic/pgf/systemlayer/pgfsys-common-p
df.def
File: pgfsys-common-pdf.def 2020/12/27 v3.1.8b (3.1.8b)
)))
(/usr/local/texlive/2021/texmf-dist/tex/generic/pgf/systemlayer/pgfsyssoftpath.
code.tex
File: pgfsyssoftpath.code.tex 2020/12/27 v3.1.8b (3.1.8b)
\pgfsyssoftpath@smallbuffer@items=\count291
\pgfsyssoftpath@bigbuffer@items=\count292
)
(/usr/local/texlive/2021/texmf-dist/tex/generic/pgf/systemlayer/pgfsysprotocol.
code.tex
File: pgfsysprotocol.code.tex 2020/12/27 v3.1.8b (3.1.8b)
))
(/usr/local/texlive/2021/texmf-dist/tex/generic/pgf/basiclayer/pgfcore.code.tex
Package: pgfcore 2020/12/27 v3.1.8b (3.1.8b)
(/usr/local/texlive/2021/texmf-dist/tex/generic/pgf/math/pgfmath.code.tex
(/usr/local/texlive/2021/texmf-dist/tex/generic/pgf/math/pgfmathcalc.code.tex
(/usr/local/texlive/2021/texmf-dist/tex/generic/pgf/math/pgfmathutil.code.tex)
(/usr/local/texlive/2021/texmf-dist/tex/generic/pgf/math/pgfmathparser.code.tex
\pgfmath@dimen=\dimen258
\pgfmath@count=\count293
\pgfmath@box=\box53
\pgfmath@toks=\toks41
\pgfmath@stack@operand=\toks42
\pgfmath@stack@operation=\toks43
)
(/usr/local/texlive/2021/texmf-dist/tex/generic/pgf/math/pgfmathfunctions.code.
tex
(/usr/local/texlive/2021/texmf-dist/tex/generic/pgf/math/pgfmathfunctions.basic
.code.tex)
(/usr/local/texlive/2021/texmf-dist/tex/generic/pgf/math/pgfmathfunctions.trigo
nometric.code.tex)
(/usr/local/texlive/2021/texmf-dist/tex/generic/pgf/math/pgfmathfunctions.rando
m.code.tex)
(/usr/local/texlive/2021/texmf-dist/tex/generic/pgf/math/pgfmathfunctions.compa
rison.code.tex)
(/usr/local/texlive/2021/texmf-dist/tex/generic/pgf/math/pgfmathfunctions.base.
code.tex)
(/usr/local/texlive/2021/texmf-dist/tex/generic/pgf/math/pgfmathfunctions.round
.code.tex)
(/usr/local/texlive/2021/texmf-dist/tex/generic/pgf/math/pgfmathfunctions.misc.
code.tex)
(/usr/local/texlive/2021/texmf-dist/tex/generic/pgf/math/pgfmathfunctions.integ
erarithmetics.code.tex)))
(/usr/local/texlive/2021/texmf-dist/tex/generic/pgf/math/pgfmathfloat.code.tex
\c@pgfmathroundto@lastzeros=\count294
)) (/usr/local/texlive/2021/texmf-dist/tex/generic/pgf/math/pgfint.code.tex)
(/usr/local/texlive/2021/texmf-dist/tex/generic/pgf/basiclayer/pgfcorepoints.co
de.tex
File: pgfcorepoints.code.tex 2020/12/27 v3.1.8b (3.1.8b)
\pgf@picminx=\dimen259
\pgf@picmaxx=\dimen260
\pgf@picminy=\dimen261
\pgf@picmaxy=\dimen262
\pgf@pathminx=\dimen263
\pgf@pathmaxx=\dimen264
\pgf@pathminy=\dimen265
\pgf@pathmaxy=\dimen266
\pgf@xx=\dimen267
\pgf@xy=\dimen268
\pgf@yx=\dimen269
\pgf@yy=\dimen270
\pgf@zx=\dimen271
\pgf@zy=\dimen272
)
(/usr/local/texlive/2021/texmf-dist/tex/generic/pgf/basiclayer/pgfcorepathconst
ruct.code.tex
File: pgfcorepathconstruct.code.tex 2020/12/27 v3.1.8b (3.1.8b)
\pgf@path@lastx=\dimen273
\pgf@path@lasty=\dimen274
)
(/usr/local/texlive/2021/texmf-dist/tex/generic/pgf/basiclayer/pgfcorepathusage
.code.tex
File: pgfcorepathusage.code.tex 2020/12/27 v3.1.8b (3.1.8b)
\pgf@shorten@end@additional=\dimen275
\pgf@shorten@start@additional=\dimen276
)
(/usr/local/texlive/2021/texmf-dist/tex/generic/pgf/basiclayer/pgfcorescopes.co
de.tex
File: pgfcorescopes.code.tex 2020/12/27 v3.1.8b (3.1.8b)
\pgfpic=\box54
\pgf@hbox=\box55
\pgf@layerbox@main=\box56
\pgf@picture@serial@count=\count295
)
(/usr/local/texlive/2021/texmf-dist/tex/generic/pgf/basiclayer/pgfcoregraphicst
ate.code.tex
File: pgfcoregraphicstate.code.tex 2020/12/27 v3.1.8b (3.1.8b)
\pgflinewidth=\dimen277
)
(/usr/local/texlive/2021/texmf-dist/tex/generic/pgf/basiclayer/pgfcoretransform
ations.code.tex
File: pgfcoretransformations.code.tex 2020/12/27 v3.1.8b (3.1.8b)
\pgf@pt@x=\dimen278
\pgf@pt@y=\dimen279
\pgf@pt@temp=\dimen280
)
(/usr/local/texlive/2021/texmf-dist/tex/generic/pgf/basiclayer/pgfcorequick.cod
e.tex
File: pgfcorequick.code.tex 2020/12/27 v3.1.8b (3.1.8b)
)
(/usr/local/texlive/2021/texmf-dist/tex/generic/pgf/basiclayer/pgfcoreobjects.c
ode.tex
File: pgfcoreobjects.code.tex 2020/12/27 v3.1.8b (3.1.8b)
)
(/usr/local/texlive/2021/texmf-dist/tex/generic/pgf/basiclayer/pgfcorepathproce
ssing.code.tex
File: pgfcorepathprocessing.code.tex 2020/12/27 v3.1.8b (3.1.8b)
)
(/usr/local/texlive/2021/texmf-dist/tex/generic/pgf/basiclayer/pgfcorearrows.co
de.tex
File: pgfcorearrows.code.tex 2020/12/27 v3.1.8b (3.1.8b)
\pgfarrowsep=\dimen281
)
(/usr/local/texlive/2021/texmf-dist/tex/generic/pgf/basiclayer/pgfcoreshade.cod
e.tex
File: pgfcoreshade.code.tex 2020/12/27 v3.1.8b (3.1.8b)
\pgf@max=\dimen282
\pgf@sys@shading@range@num=\count296
\pgf@shadingcount=\count297
)
(/usr/local/texlive/2021/texmf-dist/tex/generic/pgf/basiclayer/pgfcoreimage.cod
e.tex
File: pgfcoreimage.code.tex 2020/12/27 v3.1.8b (3.1.8b)

(/usr/local/texlive/2021/texmf-dist/tex/generic/pgf/basiclayer/pgfcoreexternal.
code.tex
File: pgfcoreexternal.code.tex 2020/12/27 v3.1.8b (3.1.8b)
\pgfexternal@startupbox=\box57
))
(/usr/local/texlive/2021/texmf-dist/tex/generic/pgf/basiclayer/pgfcorelayers.co
de.tex
File: pgfcorelayers.code.tex 2020/12/27 v3.1.8b (3.1.8b)
)
(/usr/local/texlive/2021/texmf-dist/tex/generic/pgf/basiclayer/pgfcoretranspare
ncy.code.tex
File: pgfcoretransparency.code.tex 2020/12/27 v3.1.8b (3.1.8b)
)
(/usr/local/texlive/2021/texmf-dist/tex/generic/pgf/basiclayer/pgfcorepatterns.
code.tex
File: pgfcorepatterns.code.tex 2020/12/27 v3.1.8b (3.1.8b)
)
(/usr/local/texlive/2021/texmf-dist/tex/generic/pgf/basiclayer/pgfcorerdf.code.
tex
File: pgfcorerdf.code.tex 2020/12/27 v3.1.8b (3.1.8b)
)))
(/usr/local/texlive/2021/texmf-dist/tex/generic/pgf/modules/pgfmoduleshapes.cod
e.tex
File: pgfmoduleshapes.code.tex 2020/12/27 v3.1.8b (3.1.8b)
\pgfnodeparttextbox=\box58
)
(/usr/local/texlive/2021/texmf-dist/tex/generic/pgf/modules/pgfmoduleplot.code.
tex
File: pgfmoduleplot.code.tex 2020/12/27 v3.1.8b (3.1.8b)
)
(/usr/local/texlive/2021/texmf-dist/tex/latex/pgf/compatibility/pgfcomp-version
-0-65.sty
Package: pgfcomp-version-0-65 2020/12/27 v3.1.8b (3.1.8b)
\pgf@nodesepstart=\dimen283
\pgf@nodesepend=\dimen284
)
(/usr/local/texlive/2021/texmf-dist/tex/latex/pgf/compatibility/pgfcomp-version
-1-18.sty
Package: pgfcomp-version-1-18 2020/12/27 v3.1.8b (3.1.8b)
)) (/usr/local/texlive/2021/texmf-dist/tex/latex/tools/verbatim.sty
Package: verbatim 2020-07-07 v1.5u LaTeX2e package for verbatim enhancements
\every@verbatim=\toks44
\verbatim@line=\toks45
\verbatim@in@stream=\read3
)
(/usr/local/texlive/2021/texmf-dist/tex/latex/environ/environ.sty
Package: environ 2014/05/04 v0.3 A new way to define environments

(/usr/local/texlive/2021/texmf-dist/tex/latex/trimspaces/trimspaces.sty
Package: trimspaces 2009/09/17 v1.1 Trim spaces around a token list
))
\tcb@titlebox=\box59
\tcb@upperbox=\box60
\tcb@lowerbox=\box61
\tcb@phantombox=\box62
\c@tcbbreakpart=\count298
\c@tcblayer=\count299
\c@tcolorbox@number=\count300
\tcb@temp=\box63
\tcb@temp=\box64
\tcb@temp=\box65
\tcb@temp=\box66
\tcb@out=\write4
\tcb@record@out=\write5
)
(/usr/local/texlive/2021/texmf-dist/tex/latex/caption/subcaption.sty
Package: subcaption 2020/10/07 v1.3j Sub-captions (AR)

(/usr/local/texlive/2021/texmf-dist/tex/latex/caption/caption.sty
Package: caption 2020/10/26 v3.5g Customizing captions (AR)

(/usr/local/texlive/2021/texmf-dist/tex/latex/caption/caption3.sty
Package: caption3 2020/10/21 v2.2e caption3 kernel (AR)
\captionmargin=\dimen285
\captionmargin@=\dimen286
\captionwidth=\dimen287
\caption@tempdima=\dimen288
\caption@indent=\dimen289
\caption@parindent=\dimen290
\caption@hangindent=\dimen291
Package caption Info: Standard document class detected.
)
\c@caption@flags=\count301
\c@continuedfloat=\count302
)
\c@subfigure=\count303
\c@subtable=\count304
)
(/usr/local/texlive/2021/texmf-dist/tex/latex/silence/silence.sty
Package: silence 2012/07/02 v1.5b Selective filtering of warnings and error mes
sages
\sl@Save=\count305
\sl@StateNumber=\count306
\sl@MessageCount=\count307
\sl@Casualties=\count308
\sl@Filter=\toks46
\sl@Message=\toks47
\sl@UnexpandedMessage=\toks48
\sl@Mess@ge=\toks49
\sl@WarningCount=\count309
\sl@WarningNumber=\count310
\sl@WarningCasualties=\count311
\sl@TempBOW=\toks50
\sl@BankOfWarnings=\toks51
LaTeX Info: Redefining \GenericWarning on input line 433.
\sl@ErrorCount=\count312
\sl@ErrorNumber=\count313
\sl@ErrorCasualties=\count314
\sl@TempBOE=\toks52
\sl@BankOfErrors=\toks53
LaTeX Info: Redefining \GenericError on input line 601.
)
(/usr/local/texlive/2021/texmf-dist/tex/latex/enumitem/enumitem.sty
Package: enumitem 2019/06/20 v3.9 Customized lists
\labelindent=\skip76
\enit@outerparindent=\dimen292
\enit@toks=\toks54
\enit@inbox=\box67
\enit@count@id=\count315
\enitdp@description=\count316
)
(/usr/local/texlive/2021/texmf-dist/tex/latex/libertine/biolinum.sty
Package: biolinum 2020/03/26 (Bob Tennent) Supports Biolinum fonts for all LaTe
X engines.

(/usr/local/texlive/2021/texmf-dist/tex/generic/iftex/ifxetex.sty
Package: ifxetex 2019/10/25 v0.7 ifxetex legacy package. Use iftex instead.
)
(/usr/local/texlive/2021/texmf-dist/tex/generic/iftex/ifluatex.sty
Package: ifluatex 2019/10/25 v1.5 ifluatex legacy package. Use iftex instead.
)
(/usr/local/texlive/2021/texmf-dist/tex/latex/xkeyval/xkeyval.sty
Package: xkeyval 2020/11/20 v2.8 package option processing (HA)

(/usr/local/texlive/2021/texmf-dist/tex/generic/xkeyval/xkeyval.tex
(/usr/local/texlive/2021/texmf-dist/tex/generic/xkeyval/xkvutils.tex
\XKV@toks=\toks55
\XKV@tempa@toks=\toks56
)
\XKV@depth=\count317
File: xkeyval.tex 2014/12/03 v2.7a key=value parser (HA)
))
(/usr/local/texlive/2021/texmf-dist/tex/latex/base/textcomp.sty
Package: textcomp 2020/02/02 v2.0n Standard LaTeX package
)
(/usr/local/texlive/2021/texmf-dist/tex/latex/base/fontenc.sty
Package: fontenc 2020/08/10 v2.0s Standard LaTeX package
)
(/usr/local/texlive/2021/texmf-dist/tex/latex/fontaxes/fontaxes.sty
Package: fontaxes 2020/07/21 v1.0e Font selection axes
LaTeX Info: Redefining \upshape on input line 29.
LaTeX Info: Redefining \itshape on input line 31.
LaTeX Info: Redefining \slshape on input line 33.
LaTeX Info: Redefining \swshape on input line 35.
LaTeX Info: Redefining \scshape on input line 37.
LaTeX Info: Redefining \sscshape on input line 39.
LaTeX Info: Redefining \ulcshape on input line 41.
LaTeX Info: Redefining \textsw on input line 47.
LaTeX Info: Redefining \textssc on input line 48.
LaTeX Info: Redefining \textulc on input line 49.
))
(/usr/local/texlive/2021/texmf-dist/tex/latex/marginnote/marginnote.sty
Package: marginnote 2018/08/09 v1.4b non floating margin notes for LaTeX
\c@mn@abspage=\count318
)
(/usr/local/texlive/2021/texmf-dist/tex/latex/pgf/frontendlayer/tikz.sty
(/usr/local/texlive/2021/texmf-dist/tex/latex/pgf/utilities/pgffor.sty
(/usr/local/texlive/2021/texmf-dist/tex/latex/pgf/utilities/pgfkeys.sty
(/usr/local/texlive/2021/texmf-dist/tex/generic/pgf/utilities/pgfkeys.code.tex)
) (/usr/local/texlive/2021/texmf-dist/tex/latex/pgf/math/pgfmath.sty
(/usr/local/texlive/2021/texmf-dist/tex/generic/pgf/math/pgfmath.code.tex))
(/usr/local/texlive/2021/texmf-dist/tex/generic/pgf/utilities/pgffor.code.tex
Package: pgffor 2020/12/27 v3.1.8b (3.1.8b)

(/usr/local/texlive/2021/texmf-dist/tex/generic/pgf/math/pgfmath.code.tex)
\pgffor@iter=\dimen293
\pgffor@skip=\dimen294
\pgffor@stack=\toks57
\pgffor@toks=\toks58
))
(/usr/local/texlive/2021/texmf-dist/tex/generic/pgf/frontendlayer/tikz/tikz.cod
e.tex
Package: tikz 2020/12/27 v3.1.8b (3.1.8b)

(/usr/local/texlive/2021/texmf-dist/tex/generic/pgf/libraries/pgflibraryplothan
dlers.code.tex
File: pgflibraryplothandlers.code.tex 2020/12/27 v3.1.8b (3.1.8b)
\pgf@plot@mark@count=\count319
\pgfplotmarksize=\dimen295
)
\tikz@lastx=\dimen296
\tikz@lasty=\dimen297
\tikz@lastxsaved=\dimen298
\tikz@lastysaved=\dimen299
\tikz@lastmovetox=\dimen300
\tikz@lastmovetoy=\dimen301
\tikzleveldistance=\dimen302
\tikzsiblingdistance=\dimen303
\tikz@figbox=\box68
\tikz@figbox@bg=\box69
\tikz@tempbox=\box70
\tikz@tempbox@bg=\box71
\tikztreelevel=\count320
\tikznumberofchildren=\count321
\tikznumberofcurrentchild=\count322
\tikz@fig@count=\count323

(/usr/local/texlive/2021/texmf-dist/tex/generic/pgf/modules/pgfmodulematrix.cod
e.tex
File: pgfmodulematrix.code.tex 2020/12/27 v3.1.8b (3.1.8b)
\pgfmatrixcurrentrow=\count324
\pgfmatrixcurrentcolumn=\count325
\pgf@matrix@numberofcolumns=\count326
)
\tikz@expandcount=\count327

(/usr/local/texlive/2021/texmf-dist/tex/generic/pgf/frontendlayer/tikz/librarie
s/tikzlibrarytopaths.code.tex
File: tikzlibrarytopaths.code.tex 2020/12/27 v3.1.8b (3.1.8b)
)))
(/usr/local/texlive/2021/texmf-dist/tex/latex/listings/listings.sty
\lst@mode=\count328
\lst@gtempboxa=\box72
\lst@token=\toks59
\lst@length=\count329
\lst@currlwidth=\dimen304
\lst@column=\count330
\lst@pos=\count331
\lst@lostspace=\dimen305
\lst@width=\dimen306
\lst@newlines=\count332
\lst@lineno=\count333
\lst@maxwidth=\dimen307

(/usr/local/texlive/2021/texmf-dist/tex/latex/listings/lstmisc.sty
File: lstmisc.sty 2020/03/24 1.8d (Carsten Heinz)
\c@lstnumber=\count334
\lst@skipnumbers=\count335
\lst@framebox=\box73
)
(/usr/local/texlive/2021/texmf-dist/tex/latex/listings/listings.cfg
File: listings.cfg 2020/03/24 1.8d listings configuration
))
Package: listings 2020/03/24 1.8d (Carsten Heinz)

(/usr/local/texlive/2021/texmf-dist/tex/latex/float/float.sty
Package: float 2001/11/08 v1.3d Float enhancements (AL)
\c@float@type=\count336
\float@exts=\toks60
\float@box=\box74
\@float@everytoks=\toks61
\@floatcapt=\box75
)
(/usr/local/texlive/2021/texmf-dist/tex/latex/makecell/makecell.sty
Package: makecell 2009/08/03 V0.1e Managing of Tab Column Heads and Cells
\rotheadsize=\dimen308
\c@nlinenum=\count337
\TeXr@lab=\toks62
)
(/usr/local/texlive/2021/texmf-dist/tex/latex/adjustbox/adjustbox.sty
Package: adjustbox 2020/08/19 v1.3 Adjusting TeX boxes (trim, clip, ...)

(/usr/local/texlive/2021/texmf-dist/tex/latex/adjustbox/adjcalc.sty
Package: adjcalc 2012/05/16 v1.1 Provides advanced setlength with multiple back
-ends (calc, etex, pgfmath)
)
(/usr/local/texlive/2021/texmf-dist/tex/latex/adjustbox/trimclip.sty
Package: trimclip 2020/08/19 v1.2 Trim and clip general TeX material

(/usr/local/texlive/2021/texmf-dist/tex/latex/collectbox/collectbox.sty
Package: collectbox 2012/05/17 v0.4b Collect macro arguments as boxes
\collectedbox=\box76
)
\tc@llx=\dimen309
\tc@lly=\dimen310
\tc@urx=\dimen311
\tc@ury=\dimen312
Package trimclip Info: Using driver 'tc-pdftex.def'.

(/usr/local/texlive/2021/texmf-dist/tex/latex/adjustbox/tc-pdftex.def
File: tc-pdftex.def 2019/01/04 v2.2 Clipping driver for pdftex
))
\adjbox@Width=\dimen313
\adjbox@Height=\dimen314
\adjbox@Depth=\dimen315
\adjbox@Totalheight=\dimen316
\adjbox@pwidth=\dimen317
\adjbox@pheight=\dimen318
\adjbox@pdepth=\dimen319
\adjbox@ptotalheight=\dimen320

(/usr/local/texlive/2021/texmf-dist/tex/latex/ifoddpage/ifoddpage.sty
Package: ifoddpage 2016/04/23 v1.1 Conditionals for odd/even page detection
\c@checkoddpage=\count338
)
(/usr/local/texlive/2021/texmf-dist/tex/latex/varwidth/varwidth.sty
Package: varwidth 2009/03/30 ver 0.92;  Variable-width minipages
\@vwid@box=\box77
\sift@deathcycles=\count339
\@vwid@loff=\dimen321
\@vwid@roff=\dimen322
))
(/usr/local/texlive/2021/texmf-dist/tex/latex/datatool/datatool.sty
Package: datatool 2019/09/27 v2.32 (NLCT)

(/usr/local/texlive/2021/texmf-dist/tex/latex/base/ifthen.sty
Package: ifthen 2014/09/29 v1.1c Standard LaTeX ifthen package (DPC)
)
(/usr/local/texlive/2021/texmf-dist/tex/latex/xfor/xfor.sty
Package: xfor 2009/02/05 v1.05 (NLCT)
)
(/usr/local/texlive/2021/texmf-dist/tex/latex/substr/substr.sty
Package: substr 2009/10/20 v1.2 Handle substrings
\c@su@anzahl=\count340
)
(/usr/local/texlive/2021/texmf-dist/tex/latex/datatool/datatool-base.sty
Package: datatool-base 2019/09/27 v2.32 (NLCT)

(/usr/local/texlive/2021/texmf-dist/tex/latex/datatool/datatool-fp.sty
Package: datatool-fp 2019/09/27 v2.32 (NLCT)

(/usr/local/texlive/2021/texmf-dist/tex/latex/fp/fp.sty
Package: fp 1995/04/02

`Fixed Point Package', Version 0.8, April 2, 1995 (C) Michael Mehlich
(/usr/local/texlive/2021/texmf-dist/tex/latex/fp/defpattern.sty
Package: defpattern 1994/10/12
\actioncount=\count341
)
(/usr/local/texlive/2021/texmf-dist/tex/latex/fp/fp-basic.sty
Package: fp-basic 1996/05/13
\FP@xs=\count342
\FP@xia=\count343
\FP@xib=\count344
\FP@xfa=\count345
\FP@xfb=\count346
\FP@rega=\count347
\FP@regb=\count348
\FP@regs=\count349
\FP@times=\count350
)
(/usr/local/texlive/2021/texmf-dist/tex/latex/fp/fp-addons.sty
Package: fp-addons 1995/03/15
)
(/usr/local/texlive/2021/texmf-dist/tex/latex/fp/fp-snap.sty
Package: fp-snap 1995/04/05
)
(/usr/local/texlive/2021/texmf-dist/tex/latex/fp/fp-exp.sty
Package: fp-exp 1995/04/03
)
(/usr/local/texlive/2021/texmf-dist/tex/latex/fp/fp-trigo.sty
Package: fp-trigo 1995/04/14
)
(/usr/local/texlive/2021/texmf-dist/tex/latex/fp/fp-pas.sty
Package: fp-pas 1994/08/29
)
(/usr/local/texlive/2021/texmf-dist/tex/latex/fp/fp-random.sty
Package: fp-random 1995/02/23
\FPseed=\count351
)
(/usr/local/texlive/2021/texmf-dist/tex/latex/fp/fp-eqn.sty
Package: fp-eqn 1995/04/03
)
(/usr/local/texlive/2021/texmf-dist/tex/latex/fp/fp-upn.sty
Package: fp-upn 1996/10/21
)
(/usr/local/texlive/2021/texmf-dist/tex/latex/fp/fp-eval.sty
Package: fp-eval 1995/04/03
)))
\@dtl@toks=\toks63
\@dtl@tmpcount=\count352
\dtl@tmplength=\skip77
\dtl@sortresult=\count353
\@dtl@numgrpsepcount=\count354
\@dtl@datatype=\count355
\dtl@codeA=\count356
\dtl@codeB=\count357
\@dtl@foreach@level=\count358
)
\dtlcolumnnum=\count359
\dtlrownum=\count360
\@dtl@before=\toks64
\@dtl@after=\toks65
\@dtl@colhead=\toks66
\dtlcurrentrow=\toks67
\dtlbeforerow=\toks68
\dtlafterrow=\toks69
\dtlforeachlevel=\count361
\c@DTLrowi=\count362
\c@DTLrowii=\count363
\c@DTLrowiii=\count364
\c@DTLrow=\count365
\dtl@rowi=\count366
\dtl@rowii=\count367
\dtl@rowiii=\count368
\@dtl@curi=\toks70
\@dtl@previ=\toks71
\@dtl@nexti=\toks72
\@dtl@curii=\toks73
\@dtl@previi=\toks74
\@dtl@nextii=\toks75
\@dtl@curiii=\toks76
\@dtl@previii=\toks77
\@dtl@nextiii=\toks78
\@dtl@elements=\count369
\@dtl@list=\toks79
\@dtl@rowa=\toks80
\@dtl@rowb=\toks81
\@dtl@toksA=\toks82
\@dtl@toksB=\toks83
\@dtl@write=\write6
\@dtl@read=\read4
\dtl@entrycr=\count370
\dtl@omitlines=\count371
)
(/usr/local/texlive/2021/texmf-dist/tex/generic/babel/babel.sty
Package: babel 2021/03/24 3.56 The Babel package

(/usr/local/texlive/2021/texmf-dist/tex/generic/babel/babel.def
File: babel.def 2021/03/24 3.56 Babel common definitions
\babel@savecnt=\count372
\U@D=\dimen323
\l@babelnohyphens=\language87

(/usr/local/texlive/2021/texmf-dist/tex/generic/babel/txtbabel.def)
\bbl@readstream=\read5
)
\bbl@dirlevel=\count373

(/usr/local/texlive/2021/texmf-dist/tex/generic/babel-english/english.ldf
Language: english 2017/06/06 v3.3r English support from the babel system
Package babel Info: \l@canadian = using hyphenrules for english
(babel)             (\language0) on input line 102.
Package babel Info: \l@australian = using hyphenrules for ukenglish
(babel)             (\language21) on input line 105.
Package babel Info: \l@newzealand = using hyphenrules for ukenglish
(babel)             (\language21) on input line 108.
))
(/usr/local/texlive/2021/texmf-dist/tex/latex/tocbibind/tocbibind.sty
Package: tocbibind 2010/10/13 v1.5k extra ToC listings
Package tocbibind Info: The document has chapter divisions on input line 50.


Package tocbibind Note: Using chapter style headings, unless overridden.

) (/usr/local/texlive/2021/texmf-dist/tex/latex/url/url.sty
\Urlmuskip=\muskip17
Package: url 2013/09/16  ver 3.4  Verb mode for urls, etc.
)
(/usr/local/texlive/2021/texmf-dist/tex/latex/ae/ae.sty
Package: ae 2001/02/12 1.3 Almost European Computer Modern

(/usr/local/texlive/2021/texmf-dist/tex/latex/base/fontenc.sty
Package: fontenc 2020/08/10 v2.0s Standard LaTeX package
))
(/usr/local/texlive/2021/texmf-dist/tex/latex/hyperref/hyperref.sty
Package: hyperref 2021-02-27 v7.00k Hypertext links for LaTeX

(/usr/local/texlive/2021/texmf-dist/tex/generic/ltxcmds/ltxcmds.sty
Package: ltxcmds 2020-05-10 v1.25 LaTeX kernel commands for general use (HO)
)
(/usr/local/texlive/2021/texmf-dist/tex/generic/pdftexcmds/pdftexcmds.sty
Package: pdftexcmds 2020-06-27 v0.33 Utility functions of pdfTeX for LuaTeX (HO
)

(/usr/local/texlive/2021/texmf-dist/tex/generic/infwarerr/infwarerr.sty
Package: infwarerr 2019/12/03 v1.5 Providing info/warning/error messages (HO)
)
Package pdftexcmds Info: \pdf@primitive is available.
Package pdftexcmds Info: \pdf@ifprimitive is available.
Package pdftexcmds Info: \pdfdraftmode found.
)
(/usr/local/texlive/2021/texmf-dist/tex/generic/kvsetkeys/kvsetkeys.sty
Package: kvsetkeys 2019/12/15 v1.18 Key value parser (HO)
)
(/usr/local/texlive/2021/texmf-dist/tex/generic/kvdefinekeys/kvdefinekeys.sty
Package: kvdefinekeys 2019-12-19 v1.6 Define keys (HO)
)
(/usr/local/texlive/2021/texmf-dist/tex/generic/pdfescape/pdfescape.sty
Package: pdfescape 2019/12/09 v1.15 Implements pdfTeX's escape features (HO)
)
(/usr/local/texlive/2021/texmf-dist/tex/latex/hycolor/hycolor.sty
Package: hycolor 2020-01-27 v1.10 Color options for hyperref/bookmark (HO)
)
(/usr/local/texlive/2021/texmf-dist/tex/latex/letltxmacro/letltxmacro.sty
Package: letltxmacro 2019/12/03 v1.6 Let assignment for LaTeX macros (HO)
)
(/usr/local/texlive/2021/texmf-dist/tex/latex/auxhook/auxhook.sty
Package: auxhook 2019-12-17 v1.6 Hooks for auxiliary files (HO)
)
(/usr/local/texlive/2021/texmf-dist/tex/latex/kvoptions/kvoptions.sty
Package: kvoptions 2020-10-07 v3.14 Key value format for package options (HO)
)
\@linkdim=\dimen324
\Hy@linkcounter=\count374
\Hy@pagecounter=\count375

(/usr/local/texlive/2021/texmf-dist/tex/latex/hyperref/pd1enc.def
File: pd1enc.def 2021-02-27 v7.00k Hyperref: PDFDocEncoding definition (HO)
Now handling font encoding PD1 ...
... no UTF-8 mapping file for font encoding PD1
)
(/usr/local/texlive/2021/texmf-dist/tex/latex/hyperref/hyperref-langpatches.def
File: hyperref-langpatches.def 2021-02-27 v7.00k Hyperref: patches for babel la
nguages
) (/usr/local/texlive/2021/texmf-dist/tex/generic/intcalc/intcalc.sty
Package: intcalc 2019/12/15 v1.3 Expandable calculations with integers (HO)
)
(/usr/local/texlive/2021/texmf-dist/tex/generic/etexcmds/etexcmds.sty
Package: etexcmds 2019/12/15 v1.7 Avoid name clashes with e-TeX commands (HO)
)
\Hy@SavedSpaceFactor=\count376

(/usr/local/texlive/2021/texmf-dist/tex/latex/hyperref/puenc.def
File: puenc.def 2021-02-27 v7.00k Hyperref: PDF Unicode definition (HO)
Now handling font encoding PU ...
... no UTF-8 mapping file for font encoding PU
)
Package hyperref Info: Option `raiselinks' set `true' on input line 4073.
Package hyperref Info: Option `bookmarks' set `true' on input line 4073.
Package hyperref Info: Option `bookmarksopen' set `true' on input line 4073.
Package hyperref Info: Option `bookmarksnumbered' set `true' on input line 4073
.
Package hyperref Info: Option `hyperindex' set `true' on input line 4073.
Package hyperref Info: Option `colorlinks' set `true' on input line 4073.
Package hyperref Info: Option `plainpages' set `false' on input line 4073.
Package hyperref Info: Option `pdfpagelabels' set `true' on input line 4073.
Package hyperref Info: Hyper figures OFF on input line 4192.
Package hyperref Info: Link nesting OFF on input line 4197.
Package hyperref Info: Hyper index ON on input line 4200.
Package hyperref Info: Plain pages OFF on input line 4207.
Package hyperref Info: Backreferencing ON on input line 4210.
Package hyperref Info: Implicit mode ON; LaTeX internals redefined.
Package hyperref Info: Bookmarks ON on input line 4445.

(/usr/local/texlive/2021/texmf-dist/tex/latex/hyperref/backref.sty
Package: backref 2021/02/04 v1.41 Bibliographical back referencing

(/usr/local/texlive/2021/texmf-dist/tex/latex/rerunfilecheck/rerunfilecheck.sty
Package: rerunfilecheck 2019/12/05 v1.9 Rerun checks for auxiliary files (HO)
(/usr/local/texlive/2021/texmf-dist/tex/latex/base/atveryend-ltx.sty
Package: atveryend-ltx 2020/08/19 v1.0a Emulation of the original atvery packag
e
with kernel methods
)
(/usr/local/texlive/2021/texmf-dist/tex/generic/uniquecounter/uniquecounter.sty
Package: uniquecounter 2019/12/15 v1.4 Provide unlimited unique counter (HO)
(/usr/local/texlive/2021/texmf-dist/tex/generic/bigintcalc/bigintcalc.sty
Package: bigintcalc 2019/12/15 v1.5 Expandable calculations on big integers (HO
)
))
Package uniquecounter Info: New unique counter `rerunfilecheck' on input line 2
86.
))
\c@Hy@tempcnt=\count377
LaTeX Info: Redefining \url on input line 4804.
\XeTeXLinkMargin=\dimen325

(/usr/local/texlive/2021/texmf-dist/tex/generic/bitset/bitset.sty
Package: bitset 2019/12/09 v1.3 Handle bit-vector datatype (HO)
)
\Fld@menulength=\count378
\Field@Width=\dimen326
\Fld@charsize=\dimen327
Package hyperref Info: Hyper figures OFF on input line 6075.
Package hyperref Info: Link nesting OFF on input line 6080.
Package hyperref Info: Hyper index ON on input line 6083.
Package hyperref Info: backreferencing ON on input line 6088.
Package hyperref Info: Link coloring ON on input line 6093.
Package hyperref Info: Link coloring with OCG OFF on input line 6100.
Package hyperref Info: PDF/A mode OFF on input line 6105.
LaTeX Info: Redefining \ref on input line 6145.
LaTeX Info: Redefining \pageref on input line 6149.

(/usr/local/texlive/2021/texmf-dist/tex/latex/base/atbegshi-ltx.sty
Package: atbegshi-ltx 2020/08/17 v1.0a Emulation of the original atbegshi packa
ge
with kernel methods
)
\Hy@abspage=\count379
\c@Item=\count380
\c@Hfootnote=\count381
)
Package hyperref Info: Driver (autodetected): hpdftex.

(/usr/local/texlive/2021/texmf-dist/tex/latex/hyperref/hpdftex.def
File: hpdftex.def 2021-02-27 v7.00k Hyperref driver for pdfTeX
\Fld@listcount=\count382
\c@bookmark@seq@number=\count383
\Hy@SectionHShift=\skip78
)
(/usr/local/texlive/2021/texmf-dist/tex/latex/glossaries/base/glossaries.sty
Package: glossaries 2020/03/19 v4.46 (NLCT)

(/usr/local/texlive/2021/texmf-dist/tex/latex/mfirstuc/mfirstuc.sty
Package: mfirstuc 2017/11/14 v2.06 (NLCT)
\@glsmfirst=\toks84
\@glsmrest=\toks85
)
(/usr/local/texlive/2021/texmf-dist/tex/latex/textcase/textcase.sty
Package: textcase 2019/09/14 v1.00 Text only upper/lower case changing (DPC)
)
(/usr/local/texlive/2021/texmf-dist/tex/latex/glossaries/base/glossaries-compat
ible-307.sty
Package: glossaries-compatible-307 2020/03/19 v4.46 (NLCT)
)
(/usr/local/texlive/2021/texmf-dist/tex/latex/tracklang/tracklang.sty
Package: tracklang 2020/06/30 v1.5 (NLCT) Track Languages

(/usr/local/texlive/2021/texmf-dist/tex/generic/tracklang/tracklang.tex))
(/usr/local/texlive/2021/texmf-dist/tex/latex/translator/translator.sty
Package: translator 2020-08-03 v1.12c Easy translation of strings in LaTeX
)
(/usr/local/texlive/2021/texmf-dist/tex/latex/glossaries-english/glossaries-eng
lish.ldf
File: glossaries-english.ldf 2014/11/23 v1.0
)
\gls@level=\count384
\@gls@tmpb=\toks86
\gls@tmplen=\skip79
\glskeylisttok=\toks87
\glslabeltok=\toks88
\glsshorttok=\toks89
\glslongtok=\toks90

(/usr/local/texlive/2021/texmf-dist/tex/latex/glossaries/styles/glossary-hypern
av.sty
Package: glossary-hypernav 2020/03/19 v4.46 (NLCT)
)
(/usr/local/texlive/2021/texmf-dist/tex/latex/glossaries/styles/glossary-list.s
ty
Package: glossary-list 2020/03/19 v4.46 (NLCT)
\glslistdottedwidth=\skip80
)
(/usr/local/texlive/2021/texmf-dist/tex/latex/glossaries/styles/glossary-long.s
ty
Package: glossary-long 2020/03/19 v4.46 (NLCT)
 (/usr/local/texlive/2021/texmf-dist/tex/latex/tools/longtable.sty
Package: longtable 2020/01/07 v4.13 Multi-page Table package (DPC)
\LTleft=\skip81
\LTright=\skip82
\LTpre=\skip83
\LTpost=\skip84
\LTchunksize=\count385
\LTcapwidth=\dimen328
\LT@head=\box78
\LT@firsthead=\box79
\LT@foot=\box80
\LT@lastfoot=\box81
\LT@cols=\count386
\LT@rows=\count387
\c@LT@tables=\count388
\c@LT@chunks=\count389
\LT@p@ftn=\toks91
)
\glsdescwidth=\skip85
\glspagelistwidth=\skip86
)
(/usr/local/texlive/2021/texmf-dist/tex/latex/glossaries/styles/glossary-super.
sty
Package: glossary-super 2020/03/19 v4.46 (NLCT)
 (/usr/local/texlive/2021/texmf-dist/tex/latex/supertabular/supertabular.sty
Package: supertabular 2020/02/02 v4.1g the supertabular environment
\c@tracingst=\count390
\ST@wd=\dimen329
\ST@rightskip=\skip87
\ST@leftskip=\skip88
\ST@parfillskip=\skip89
\ST@pageleft=\dimen330
\ST@headht=\dimen331
\ST@tailht=\dimen332
\ST@pagesofar=\dimen333
\ST@pboxht=\dimen334
\ST@lineht=\dimen335
\ST@prevht=\dimen336
\ST@toadd=\dimen337
\ST@dimen=\dimen338
\ST@pbox=\box82
))
(/usr/local/texlive/2021/texmf-dist/tex/latex/glossaries/styles/glossary-tree.s
ty
Package: glossary-tree 2020/03/19 v4.46 (NLCT)
\glstreeindent=\skip90
)) (/usr/local/texlive/2021/texmf-dist/tex/latex/morewrites/morewrites.sty
(/usr/local/texlive/2021/texmf-dist/tex/latex/l3kernel/expl3.sty
Package: expl3 2021-02-18 L3 programming layer (loader) 

(/usr/local/texlive/2021/texmf-dist/tex/latex/l3backend/l3backend-pdftex.def
File: l3backend-pdftex.def 2021-03-18 L3 backend support: PDF output (pdfTeX)
\l__color_backend_stack_int=\count391
\l__pdf_internal_box=\box83
))
(/usr/local/texlive/2021/texmf-dist/tex/latex/morewrites/primargs.sty
Package: primargs 2018/12/29 Parsing arguments of primitives
)
Package: morewrites 2018/12/29 Always room for a new write
\g__morewrites_later_int=\count392
\l__morewrites_user_int=\count393
\g__morewrites_iow=\write7
\g__morewrites_ior=\read6
\g__morewrites_group_level_int=\count394
\g__morewrites_shipout_box=\box84
\l__morewrites_collect_next_int=\count395
\g__morewrites_alloc_write_int=\count396
)
\chapnolen=\skip91
\chapparlen=\skip92
\chapno=\box85

(/usr/local/texlive/2021/texmf-dist/tex/latex/tcolorbox/tcbtheorems.code.tex
Library (tcolorbox): 'tcbtheorems.code.tex' version '4.42'
) (/usr/local/texlive/2021/texmf-dist/tex/latex/tcolorbox/tcbbreakable.code.tex
Library (tcolorbox): 'tcbbreakable.code.tex' version '4.42'
(/usr/local/texlive/2021/texmf-dist/tex/generic/oberdiek/pdfcol.sty
Package: pdfcol 2019/12/29 v1.6 Handle new color stacks for pdfTeX (HO)
)
Package pdfcol Info: New color stack `tcb@breakable' = 1 on input line 23.
\tcb@testbox=\box86
\tcb@totalupperbox=\box87
\tcb@totallowerbox=\box88
)
(/usr/local/texlive/2021/texmf-dist/tex/latex/tcolorbox/tcbskins.code.tex
Library (tcolorbox): 'tcbskins.code.tex' version '4.42'
\tcb@waterbox=\box89

(/usr/local/texlive/2021/texmf-dist/tex/latex/tcolorbox/tcbskinsjigsaw.code.tex
Library (tcolorbox): 'tcbskinsjigsaw.code.tex' version '4.42'
))
\c@tcb@cnt@definition=\count397
\c@tcb@cnt@theorem=\count398
)

Package hyperref Warning: Token not allowed in a PDF string (Unicode):
(hyperref)                removing `\\' on input line 73.

\@indexfile=\write19
\openout7 = `thesis.idx'.

Writing index file thesis.idx
\glswrite=\write20
\glo@main@file=\write21
\openout7 = `thesis.glo'.

Package glossaries Info: Writing glossary file thesis.glo on input line 75.
\glo@acronym@file=\write22
\openout7 = `thesis.acn'.

Package glossaries Info: Writing glossary file thesis.acn on input line 75.
\glo@symbol@file=\write23
\openout7 = `thesis.stn'.

Package glossaries Info: Writing glossary file thesis.stn on input line 75.
LaTeX Font Info:    Trying to load font information for T1+aer on input line 79
.
(/usr/local/texlive/2021/texmf-dist/tex/latex/ae/t1aer.fd
File: t1aer.fd 1997/11/16 Font definitions for T1/aer.
)
(/Users/apple/OVGU/Thesis/code/3dReconstruction/out/thesis.aux
(/Users/apple/OVGU/Thesis/code/3dReconstruction/out/text/introduction.aux)
(/Users/apple/OVGU/Thesis/code/3dReconstruction/out/text/related_work.aux)
(/Users/apple/OVGU/Thesis/code/3dReconstruction/out/text/concept.aux)
(/Users/apple/OVGU/Thesis/code/3dReconstruction/out/text/implementation.aux)
(/Users/apple/OVGU/Thesis/code/3dReconstruction/out/text/evaluation.aux)
(/Users/apple/OVGU/Thesis/code/3dReconstruction/out/text/conclusion.aux)
(/Users/apple/OVGU/Thesis/code/3dReconstruction/out/text/appendix.aux)
(/Users/apple/OVGU/Thesis/code/3dReconstruction/out/text/tutorial.aux))
\openout1 = `thesis.aux'.

LaTeX Font Info:    Checking defaults for OML/cmm/m/it on input line 79.
LaTeX Font Info:    ... okay on input line 79.
LaTeX Font Info:    Checking defaults for OMS/cmsy/m/n on input line 79.
LaTeX Font Info:    ... okay on input line 79.
LaTeX Font Info:    Checking defaults for OT1/cmr/m/n on input line 79.
LaTeX Font Info:    ... okay on input line 79.
LaTeX Font Info:    Checking defaults for T1/cmr/m/n on input line 79.
LaTeX Font Info:    ... okay on input line 79.
LaTeX Font Info:    Checking defaults for TS1/cmr/m/n on input line 79.
LaTeX Font Info:    ... okay on input line 79.
LaTeX Font Info:    Checking defaults for OMX/cmex/m/n on input line 79.
LaTeX Font Info:    ... okay on input line 79.
LaTeX Font Info:    Checking defaults for U/cmr/m/n on input line 79.
LaTeX Font Info:    ... okay on input line 79.
LaTeX Font Info:    Checking defaults for PD1/pdf/m/n on input line 79.
LaTeX Font Info:    ... okay on input line 79.
LaTeX Font Info:    Checking defaults for PU/pdf/m/n on input line 79.
LaTeX Font Info:    ... okay on input line 79.
Package nag Info: pgf.sty is broken: disabling dollar check on input line 79.
Package nag Info: Command \RaggedLeft not defined, skipping amendment on input 
line 79.
Package nag Info: Command \RaggedRight not defined, skipping amendment on input
 line 79.

*geometry* driver: auto-detecting
*geometry* detected driver: pdftex
*geometry* verbose mode - [ preamble ] result:
* driver: pdftex
* paper: a4paper
* layout: <same size as paper>
* layoutoffset:(h,v)=(0.0pt,0.0pt)
* modes: twoside 
* h-part:(L,W,R)=(85.35826pt, 426.79135pt, 85.35826pt)
* v-part:(T,H,B)=(85.35826pt, 688.5567pt, 71.13188pt)
* \paperwidth=597.50787pt
* \paperheight=845.04684pt
* \textwidth=426.79135pt
* \textheight=688.5567pt
* \oddsidemargin=13.08827pt
* \evensidemargin=13.08827pt
* \topmargin=-21.28552pt
* \headheight=14.5pt
* \headsep=19.8738pt
* \topskip=12.0pt
* \footskip=30.0pt
* \marginparwidth=56.9055pt
* \marginparsep=14.22636pt
* \columnsep=10.0pt
* \skip\footins=10.8pt plus 4.0pt minus 2.0pt
* \hoffset=0.0pt
* \voffset=0.0pt
* \mag=1000
* \@twocolumnfalse
* \@twosidetrue
* \@mparswitchtrue
* \@reversemarginfalse
* (1in=72.27pt=25.4mm, 1cm=28.453pt)

(/usr/local/texlive/2021/texmf-dist/tex/context/base/mkii/supp-pdf.mkii
[Loading MPS to PDF converter (version 2006.09.02).]
\scratchcounter=\count399
\scratchdimen=\dimen339
\scratchbox=\box90
\nofMPsegments=\count400
\nofMParguments=\count401
\everyMPshowfont=\toks92
\MPscratchCnt=\count402
\MPscratchDim=\dimen340
\MPnumerator=\count403
\makeMPintoPDFobject=\count404
\everyMPtoPDFconversion=\toks93
) (/usr/local/texlive/2021/texmf-dist/tex/latex/epstopdf-pkg/epstopdf-base.sty
Package: epstopdf-base 2020-01-24 v2.11 Base part for package epstopdf
Package epstopdf-base Info: Redefining graphics rule for `.eps' on input line 4
85.

(/usr/local/texlive/2021/texmf-dist/tex/latex/latexconfig/epstopdf-sys.cfg
File: epstopdf-sys.cfg 2010/07/13 v1.3 Configuration of (r)epstopdf for TeX Liv
e
))
LaTeX Info: Redefining \microtypecontext on input line 79.
Package microtype Info: Generating PDF output.
Package microtype Info: Character protrusion enabled (level 2).
Package microtype Info: Using default protrusion set `alltext'.
Package microtype Info: Automatic font expansion enabled (level 2),
(microtype)             stretch: 20, shrink: 20, step: 1, non-selected.
Package microtype Info: Using default expansion set `alltext-nott'.
LaTeX Info: Redefining \showhyphens on input line 79.
Package microtype Info: No adjustment of tracking.
Package microtype Info: No adjustment of interword spacing.
Package microtype Info: No adjustment of character kerning.

(/usr/local/texlive/2021/texmf-dist/tex/latex/microtype/mt-cmr.cfg
File: mt-cmr.cfg 2013/05/19 v2.2 microtype config. file: Computer Modern Roman 
(RS)
)
Package caption Info: Begin \AtBeginDocument code.
Package caption Info: float package is loaded.
Package caption Info: hyperref package is loaded.
Package caption Info: listings package is loaded.
Package caption Info: longtable package is loaded.

(/usr/local/texlive/2021/texmf-dist/tex/latex/caption/ltcaption.sty
Package: ltcaption 2020/05/30 v1.4b longtable captions (AR)
)
Package caption Info: supertabular package is loaded.
Package caption Info: End \AtBeginDocument code.
\c@mv@tabular=\count405
\c@mv@boldtabular=\count406
\c@lstlisting=\count407
Package hyperref Info: Link coloring ON on input line 79.

(/usr/local/texlive/2021/texmf-dist/tex/latex/hyperref/nameref.sty
Package: nameref 2021-04-02 v2.47 Cross-referencing by name of section

(/usr/local/texlive/2021/texmf-dist/tex/latex/refcount/refcount.sty
Package: refcount 2019/12/15 v3.6 Data extraction from label references (HO)
)
(/usr/local/texlive/2021/texmf-dist/tex/generic/gettitlestring/gettitlestring.s
ty
Package: gettitlestring 2019/12/15 v1.6 Cleanup title references (HO)
)
\c@section@level=\count408
)
LaTeX Info: Redefining \ref on input line 79.
LaTeX Info: Redefining \pageref on input line 79.
LaTeX Info: Redefining \nameref on input line 79.
 (/Users/apple/OVGU/Thesis/code/3dReconstruction/out/thesis.out)
(/Users/apple/OVGU/Thesis/code/3dReconstruction/out/thesis.out)
\@outlinefile=\write24
\openout7 = `thesis.out'.

Package backref Info: ** backref set up for natbib ** on input line 79.
Package nag Info: Command \captionabove not defined, skipping amendment on inpu
t line 79.
Package nag Info: Command \captionbelow not defined, skipping amendment on inpu
t line 79.
Package nag Info: Command \hc@caption not defined, skipping amendment on input 
line 79.
<files//ovgu.pdf, id=179, 277.00789pt x 45.76799pt>
File: files//ovgu.pdf Graphic file (type pdf)
<use files//ovgu.pdf>
Package pdftex.def Info: files//ovgu.pdf  used on input line 97.
(pdftex.def)             Requested size: 251.31227pt x 85.35826pt.
LaTeX Font Info:    Trying to load font information for T1+LinuxBiolinumT-TLF o
n input line 103.

(/usr/local/texlive/2021/texmf-dist/tex/latex/libertine/T1LinuxBiolinumT-TLF.fd
File: T1LinuxBiolinumT-TLF.fd 2017/03/20 (autoinst) Font definitions for T1/Lin
uxBiolinumT-TLF.
)
LaTeX Font Info:    Font shape `T1/LinuxBiolinumT-TLF/b/n' will be
(Font)              scaled to size 20.74pt on input line 103.
Package microtype Info: Loading generic protrusion settings for font family
(microtype)             `LinuxBiolinumT-TLF' (encoding: T1).
(microtype)             For optimal results, create family-specific settings.
(microtype)             See the microtype manual for details.
\openout7 = `thesis.mw'.

 [1



{/usr/local/texlive/2021/texmf-var/fonts/map/pdftex/updmap/pdftex.map} <./files
//ovgu.pdf>] (/Users/apple/OVGU/Thesis/code/3dReconstruction/out/thesis.mw)
\openout7 = `thesis.mw'.

\openout7 = `thesis.ist'.

\openout7 = `thesis.mw'.

\openout7 = `thesis.mw'.

\openout7 = `thesis.mw'.

\openout7 = `thesis.mw'.

\openout7 = `thesis.mw'.

\openout7 = `thesis.mw'.

\openout7 = `thesis.mw'.

\openout7 = `thesis.mw'.

\openout7 = `thesis.mw'.

\openout7 = `thesis.mw'.

\openout7 = `thesis.mw'.

\openout7 = `thesis.mw'.

\openout7 = `thesis.mw'.

\openout7 = `thesis.mw'.

\openout7 = `thesis.mw'.

\openout7 = `thesis.mw'.

\openout7 = `thesis.mw'.

\openout7 = `thesis.mw'.

\openout7 = `thesis.mw'.

\openout7 = `thesis.mw'.

\openout7 = `thesis.mw'.

\openout7 = `thesis.mw'.

\openout7 = `thesis.mw'.

\openout7 = `thesis.mw'.

\openout7 = `thesis.mw'.

\openout7 = `thesis.mw'.

\openout7 = `thesis.mw'.

\openout7 = `thesis.mw'.

\openout7 = `thesis.mw'.

\openout7 = `thesis.mw'.

\openout7 = `thesis.mw'.

\openout7 = `thesis.mw'.

\openout7 = `thesis.mw'.

\openout7 = `thesis.mw'.

\openout7 = `thesis.mw'.

\openout7 = `thesis.mw'.

\openout7 = `thesis.mw'.

\openout7 = `thesis.mw'.

\openout7 = `thesis.mw'.

\openout7 = `thesis.mw'.

\openout7 = `thesis.mw'.

\openout7 = `thesis.mw'.

\openout7 = `thesis.mw'.

\openout7 = `thesis.mw'.

\openout7 = `thesis.mw'.

\openout7 = `thesis.mw'.

\openout7 = `thesis.mw'.

\openout7 = `thesis.mw'.

\openout7 = `thesis.mw'.

\openout7 = `thesis.mw'.

\openout7 = `thesis.mw'.

\openout7 = `thesis.mw'.

\openout7 = `thesis.mw'.

\openout7 = `thesis.mw'.

\openout7 = `thesis.mw'.

\openout7 = `thesis.mw'.

\openout7 = `thesis.mw'.

\openout7 = `thesis.mw'.

\openout7 = `thesis.mw'.

\openout7 = `thesis.mw'.

\openout7 = `thesis.mw'.

\openout7 = `thesis.mw'.

\openout7 = `thesis.ist'.

LaTeX Font Info:    Trying to load font information for U+msa on input line 128
.
(/usr/local/texlive/2021/texmf-dist/tex/latex/amsfonts/umsa.fd
File: umsa.fd 2013/01/14 v3.01 AMS symbols A
)
(/usr/local/texlive/2021/texmf-dist/tex/latex/microtype/mt-msa.cfg
File: mt-msa.cfg 2006/02/04 v1.1 microtype config. file: AMS symbols (a) (RS)
)
LaTeX Font Info:    Trying to load font information for U+msb on input line 128
.

(/usr/local/texlive/2021/texmf-dist/tex/latex/amsfonts/umsb.fd
File: umsb.fd 2013/01/14 v3.01 AMS symbols B
)
(/usr/local/texlive/2021/texmf-dist/tex/latex/microtype/mt-msb.cfg
File: mt-msb.cfg 2005/06/01 v1.0 microtype config. file: AMS symbols (b) (RS)
)
LaTeX Font Info:    Trying to load font information for U+wasy on input line 12
8.

(/usr/local/texlive/2021/texmf-dist/tex/latex/wasysym/uwasy.fd
File: uwasy.fd 2020/01/19 v2.4 Wasy-2 symbol font definitions
)
\openout7 = `thesis.mw'.

 [2]
(/Users/apple/OVGU/Thesis/code/3dReconstruction/out/thesis.mw)
\openout7 = `thesis.mw'.

LaTeX Font Info:    Font shape `T1/LinuxBiolinumT-TLF/m/n' will be
(Font)              scaled to size 12.0pt on input line 131.
LaTeX Font Info:    Font shape `T1/LinuxBiolinumT-TLF/m/n' will be
(Font)              scaled to size 24.88pt on input line 131.
LaTeX Font Info:    Font shape `T1/LinuxBiolinumT-TLF/b/n' will be
(Font)              scaled to size 24.88pt on input line 131.
\openout7 = `thesis.mw'.

 [3

]
(/Users/apple/OVGU/Thesis/code/3dReconstruction/out/thesis.mw)
\openout7 = `thesis.mw'.

\openout7 = `thesis.mw'.

 [4


]
(/Users/apple/OVGU/Thesis/code/3dReconstruction/out/thesis.mw)
\openout7 = `thesis.mw'.

\openout7 = `thesis.mw'.

 [5

]
(/Users/apple/OVGU/Thesis/code/3dReconstruction/out/thesis.mw)
\openout7 = `thesis.mw'.

\openout7 = `thesis.mw'.

 [6


]
(/Users/apple/OVGU/Thesis/code/3dReconstruction/out/thesis.mw)
\openout7 = `thesis.mw'.


(/Users/apple/OVGU/Thesis/code/3dReconstruction/out/thesis.toc
LaTeX Font Info:    Font shape `T1/LinuxBiolinumT-TLF/b/n' will be
(Font)              scaled to size 12.0pt on input line 2.
\openout7 = `thesis.mw'.

 [7

]
(/Users/apple/OVGU/Thesis/code/3dReconstruction/out/thesis.mw)
\openout7 = `thesis.mw'.

\openout7 = `thesis.mw'.

\openout7 = `thesis.mw'.

)
\tf@toc=\write25
\openout7 = `thesis.toc'.

\openout7 = `thesis.mw'.

 [8]
(/Users/apple/OVGU/Thesis/code/3dReconstruction/out/thesis.mw)
\openout7 = `thesis.mw'.


(/Users/apple/OVGU/Thesis/code/3dReconstruction/out/thesis.lof

Package natbib Warning: Citation `pix3d' on page ix undefined on input line 5.

)
\tf@lof=\write26
\openout7 = `thesis.lof'.

\openout7 = `thesis.mw'.

 [9



] (/Users/apple/OVGU/Thesis/code/3dReconstruction/out/thesis.mw)
\openout7 = `thesis.mw'.

\openout7 = `thesis.mw'.

\openout7 = `thesis.mw'.

\openout7 = `thesis.mw'.

 [10

]
(/Users/apple/OVGU/Thesis/code/3dReconstruction/out/thesis.mw)
\openout7 = `thesis.mw'.


(/Users/apple/OVGU/Thesis/code/3dReconstruction/out/thesis.lot)
\tf@lot=\write27
\openout7 = `thesis.lot'.

\openout7 = `thesis.mw'.

 [11]
(/Users/apple/OVGU/Thesis/code/3dReconstruction/out/thesis.mw)
\openout7 = `thesis.mw'.

\openout7 = `thesis.mw'.

\openout7 = `thesis.mw'.

\openout7 = `thesis.mw'.

 [12

]
(/Users/apple/OVGU/Thesis/code/3dReconstruction/out/thesis.mw)
\openout7 = `thesis.mw'.


(/Users/apple/OVGU/Thesis/code/3dReconstruction/out/thesis.lol)
\tf@lol=\write28
\openout7 = `thesis.lol'.


(/Users/apple/OVGU/Thesis/code/3dReconstruction/out/thesis.acr
\openout7 = `thesis.mw'.

 [13]
(/Users/apple/OVGU/Thesis/code/3dReconstruction/out/thesis.mw)
\openout7 = `thesis.mw'.

\openout7 = `thesis.mw'.

\openout7 = `thesis.mw'.

\openout7 = `thesis.mw'.

\openout7 = `thesis.mw'.

\openout7 = `thesis.mw'.

\openout7 = `thesis.mw'.

\openout7 = `thesis.mw'.

\openout7 = `thesis.mw'.

\openout7 = `thesis.mw'.

\openout7 = `thesis.mw'.

\openout7 = `thesis.mw'.

\openout7 = `thesis.mw'.

\openout7 = `thesis.mw'.

\openout7 = `thesis.mw'.

\openout7 = `thesis.mw'.

 [14

]
(/Users/apple/OVGU/Thesis/code/3dReconstruction/out/thesis.mw)
\openout7 = `thesis.mw'.

)
(/Users/apple/OVGU/Thesis/code/3dReconstruction/out/thesis.sot
\openout7 = `thesis.mw'.

 [15

]
(/Users/apple/OVGU/Thesis/code/3dReconstruction/out/thesis.mw)
\openout7 = `thesis.mw'.

\openout7 = `thesis.mw'.

\openout7 = `thesis.mw'.

\openout7 = `thesis.mw'.

 [16

]
(/Users/apple/OVGU/Thesis/code/3dReconstruction/out/thesis.mw)
\openout7 = `thesis.mw'.

)
\openout7 = `thesis.mw'.

 [17

]
(/Users/apple/OVGU/Thesis/code/3dReconstruction/out/thesis.mw)
\openout7 = `thesis.mw'.

\openout7 = `thesis.mw'.

\openout7 = `thesis.mw'.

\openout7 = `thesis.mw'.

 [18

]
(/Users/apple/OVGU/Thesis/code/3dReconstruction/out/thesis.mw)
\openout7 = `thesis.mw'.

\openout2 = `text/introduction.aux'.


(./text/introduction.tex
Chapter 1.
LaTeX Font Info:    Font shape `T1/LinuxBiolinumT-TLF/m/n' will be
(Font)              scaled to size 17.28pt on input line 10.
LaTeX Font Info:    Font shape `T1/LinuxBiolinumT-TLF/b/n' will be
(Font)              scaled to size 17.28pt on input line 10.
\openout7 = `thesis.mw'.

[1


] (/Users/apple/OVGU/Thesis/code/3dReconstruction/out/thesis.mw)
\openout7 = `thesis.mw'.

\openout7 = `thesis.mw'.

\openout7 = `thesis.mw'.

\openout7 = `thesis.mw'.

\openout7 = `thesis.mw'.

\openout7 = `thesis.mw'.

\openout7 = `thesis.mw'.

\openout7 = `thesis.mw'.

\openout7 = `thesis.mw'.

\openout7 = `thesis.mw'.

\openout7 = `thesis.mw'.

\openout7 = `thesis.mw'.

\openout7 = `thesis.mw'.

)
\openout7 = `thesis.mw'.

 [2]
(/Users/apple/OVGU/Thesis/code/3dReconstruction/out/thesis.mw)
\openout7 = `thesis.mw'.

\openout7 = `thesis.mw'.

\openout7 = `thesis.mw'.

\openout2 = `text/related_work.aux'.


(./text/related_work.tex
Chapter 2.

Overfull \hbox (30.04813pt too wide) in paragraph at lines 9--13
[]\T1/aer/m/n/12 (-20) Synthetic datasets avail-able Ex-plain briefly Scenenet,
Openrooms,Hyperism,3dfront,NVIDIA
 []

)
\openout7 = `thesis.mw'.

 [3




] (/Users/apple/OVGU/Thesis/code/3dReconstruction/out/thesis.mw)
\openout7 = `thesis.mw'.

\openout7 = `thesis.mw'.

\openout7 = `thesis.mw'.

\openout7 = `thesis.mw'.

\openout7 = `thesis.mw'.

\openout7 = `thesis.mw'.

\openout7 = `thesis.mw'.

\openout7 = `thesis.mw'.

\openout7 = `thesis.mw'.

\openout7 = `thesis.mw'.

\openout7 = `thesis.mw'.

\openout2 = `text/concept.aux'.


(./text/concept.tex
\openout7 = `thesis.mw'.

 [4




]
(/Users/apple/OVGU/Thesis/code/3dReconstruction/out/thesis.mw)
\openout7 = `thesis.mw'.


Chapter 3.

Package natbib Warning: Citation `pix3d' on page 5 undefined on input line 9.


Package natbib Warning: Citation `Lim2013ParsingIO' on page 5 undefined on inpu
t line 11.


Package natbib Warning: Citation `pix3d' on page 5 undefined on input line 13.

./text/concept.tex:16: You can't use `macro parameter character #' in horizonta
l mode.
l.16 ...s from Pix3D, leaving out "misc and tools#
                                                   classes, which were signi...
Sorry, but I'm not programmed to handle this case;
I'll just pretend that you didn't ask for it.
If you're in the wrong mode, you might be able to
return to the right one by typing `I}' or `I$' or `I\par'.

LaTeX Font Info:    Font shape `T1/LinuxBiolinumT-TLF/m/n' will be
(Font)              scaled to size 14.4pt on input line 19.
LaTeX Font Info:    Font shape `T1/LinuxBiolinumT-TLF/b/n' will be
(Font)              scaled to size 14.4pt on input line 19.
</Users/apple/OVGU/Thesis/code/3dReconstruction/report/images/pix3d/pix3d_histo
gram.png, id=363, 462.528pt x 346.896pt>
File: /Users/apple/OVGU/Thesis/code/3dReconstruction/report/images/pix3d/pix3d_
histogram.png Graphic file (type png)
<use /Users/apple/OVGU/Thesis/code/3dReconstruction/report/images/pix3d/pix3d_h
istogram.png>
Package pdftex.def Info: /Users/apple/OVGU/Thesis/code/3dReconstruction/report/
images/pix3d/pix3d_histogram.png  used on input line 26.
(pdftex.def)             Requested size: 462.52686pt x 346.89514pt.

Overfull \hbox (35.7355pt too wide) in paragraph at lines 26--27
 [][] 
 []


Package natbib Warning: Citation `pix3d' on page 5 undefined on input line 27.


Package natbib Warning: Citation `pix3d' on page 5 undefined on input line 27.

\openout7 = `thesis.mw'.

[5] (/Users/apple/OVGU/Thesis/code/3dReconstruction/out/thesis.mw)
\openout7 = `thesis.mw'.

\openout7 = `thesis.mw'.

\openout7 = `thesis.mw'.

\openout7 = `thesis.mw'.

\openout7 = `thesis.mw'.

\openout7 = `thesis.mw'.

\openout7 = `thesis.mw'.

\openout7 = `thesis.mw'.

\openout7 = `thesis.mw'.

\openout7 = `thesis.mw'.

 [6 </Users/apple/OVGU/Thesis/code/3dReconstruction/report/images/pix3d/pix3d_h
istogram.png>] (/Users/apple/OVGU/Thesis/code/3dReconstruction/out/thesis.mw)
\openout7 = `thesis.mw'.



Package natbib Warning: Citation `handa2015scenenet' on page 7 undefined on inp
ut line 44.


Package natbib Warning: Citation `McCormac:etal:ICCV2017' on page 7 undefined o
n input line 46.


Package natbib Warning: Citation `chang2015shapenet' on page 7 undefined on inp
ut line 47.


Package natbib Warning: Citation `McCormac:etal:ICCV2017' on page 7 undefined o
n input line 53.

)
\openout7 = `thesis.mw'.

 [7] (/Users/apple/OVGU/Thesis/code/3dReconstruction/out/thesis.mw)
\openout7 = `thesis.mw'.

\openout7 = `thesis.mw'.

\openout7 = `thesis.mw'.

\openout7 = `thesis.mw'.

\openout7 = `thesis.mw'.

\openout7 = `thesis.mw'.

\openout7 = `thesis.mw'.

\openout2 = `text/implementation.aux'.


(./text/implementation.tex
\openout7 = `thesis.mw'.

 [8




]
(/Users/apple/OVGU/Thesis/code/3dReconstruction/out/thesis.mw)
\openout7 = `thesis.mw'.


Chapter 4.
)
\openout7 = `thesis.mw'.

 [9] (/Users/apple/OVGU/Thesis/code/3dReconstruction/out/thesis.mw)
\openout7 = `thesis.mw'.

\openout7 = `thesis.mw'.

\openout7 = `thesis.mw'.

\openout7 = `thesis.mw'.

\openout7 = `thesis.mw'.

\openout7 = `thesis.mw'.

\openout7 = `thesis.mw'.

\openout7 = `thesis.mw'.

\openout7 = `thesis.mw'.

\openout2 = `text/evaluation.aux'.


(./text/evaluation.tex
\openout7 = `thesis.mw'.

 [10




]
(/Users/apple/OVGU/Thesis/code/3dReconstruction/out/thesis.mw)
\openout7 = `thesis.mw'.


Chapter 5.
)
\openout7 = `thesis.mw'.

 [11] (/Users/apple/OVGU/Thesis/code/3dReconstruction/out/thesis.mw)
\openout7 = `thesis.mw'.

\openout7 = `thesis.mw'.

\openout7 = `thesis.mw'.

\openout7 = `thesis.mw'.

\openout7 = `thesis.mw'.

\openout7 = `thesis.mw'.

\openout7 = `thesis.mw'.

\openout7 = `thesis.mw'.

\openout7 = `thesis.mw'.

\openout7 = `thesis.mw'.

\openout7 = `thesis.mw'.

\openout7 = `thesis.mw'.

\openout7 = `thesis.mw'.

\openout2 = `text/conclusion.aux'.


(./text/conclusion.tex
\openout7 = `thesis.mw'.

 [12




]
(/Users/apple/OVGU/Thesis/code/3dReconstruction/out/thesis.mw)
\openout7 = `thesis.mw'.


Chapter 6.
)
\openout7 = `thesis.mw'.

 [13] (/Users/apple/OVGU/Thesis/code/3dReconstruction/out/thesis.mw)
\openout7 = `thesis.mw'.

\openout7 = `thesis.mw'.

\openout7 = `thesis.mw'.

\openout7 = `thesis.mw'.

\openout7 = `thesis.mw'.

\openout7 = `thesis.mw'.

\openout7 = `thesis.mw'.

\openout7 = `thesis.mw'.

\openout7 = `thesis.mw'.

\openout2 = `text/appendix.aux'.


(./text/appendix.tex
\openout7 = `thesis.mw'.

 [14




]
(/Users/apple/OVGU/Thesis/code/3dReconstruction/out/thesis.mw)
\openout7 = `thesis.mw'.

\dtldb@nodes=\toks94
\dtlkeys@nodes=\toks95
\dtlrows@nodes=\count409
\dtlcols@nodes=\count410
)
\openout7 = `thesis.mw'.

 [15]
(/Users/apple/OVGU/Thesis/code/3dReconstruction/out/thesis.mw)
\openout7 = `thesis.mw'.

\openout7 = `thesis.mw'.

\openout7 = `thesis.mw'.

\openout2 = `text/tutorial.aux'.


(./text/tutorial.tex
\openout7 = `thesis.mw'.

 [16




]
(/Users/apple/OVGU/Thesis/code/3dReconstruction/out/thesis.mw)
\openout7 = `thesis.mw'.


Appendix B.
Package marginnote Info: Margin note 35.1 is on absolute page 35 on input line 
8.
Package marginnote Info: xpos seems to be 423.88315pt on input line 8.
LaTeX Font Info:    Font shape `T1/LinuxBiolinumT-TLF/m/it' will be
(Font)              scaled to size 12.0pt on input line 14.
LaTeX Font Info:    Font shape `T1/LinuxBiolinumT-TLF/b/n' will be
(Font)              scaled to size 10.95pt on input line 47.

Package natbib Warning: Citation `Heradio2016Bibliometric' on page 17 undefined
 on input line 87.


Package natbib Warning: Citation `Heradio2016Bibliometric' on page 17 undefined
 on input line 87.


Package natbib Warning: Citation `pix3d' on page 17 undefined on input line 88.



Package natbib Warning: Citation `Lim2013ParsingIO' on page 17 undefined on inp
ut line 88.

\openout7 = `thesis.mw'.

[17] (/Users/apple/OVGU/Thesis/code/3dReconstruction/out/thesis.mw)
\openout7 = `thesis.mw'.

\openout7 = `thesis.mw'.

\openout7 = `thesis.mw'.

\openout7 = `thesis.mw'.

\openout7 = `thesis.mw'.

\openout7 = `thesis.mw'.

\openout7 = `thesis.mw'.

\openout7 = `thesis.mw'.

\openout7 = `thesis.mw'.

\openout7 = `thesis.mw'.

\openout7 = `thesis.mw'.

)
\openout7 = `thesis.mw'.

 [18]
(/Users/apple/OVGU/Thesis/code/3dReconstruction/out/thesis.mw)
\openout7 = `thesis.mw'.

\openout7 = `thesis.mw'.

\openout7 = `thesis.mw'.


(/Users/apple/OVGU/Thesis/code/3dReconstruction/out/thesis.bbl)
(/Users/apple/OVGU/Thesis/code/3dReconstruction/out/thesis.ind)
\openout7 = `thesis.mw'.

 [19





]
(/Users/apple/OVGU/Thesis/code/3dReconstruction/out/thesis.mw)
\openout7 = `thesis.mw'.



Package natbib Warning: There were undefined citations.

No complaints by nag.
(/Users/apple/OVGU/Thesis/code/3dReconstruction/out/thesis.aux
\openout7 = `thesis.mw'.

\openout7 = `thesis.mw'.

\openout7 = `thesis.mw'.

\openout7 = `thesis.mw'.

\openout7 = `thesis.mw'.

\openout7 = `thesis.mw'.

\openout7 = `thesis.mw'.

\openout7 = `thesis.mw'.

\openout7 = `thesis.mw'.

\openout7 = `thesis.mw'.

\openout7 = `thesis.mw'.

\openout7 = `thesis.mw'.

\openout7 = `thesis.mw'.

\openout7 = `thesis.mw'.

\openout7 = `thesis.mw'.

\openout7 = `thesis.mw'.


(/Users/apple/OVGU/Thesis/code/3dReconstruction/out/text/introduction.aux
\openout7 = `thesis.mw'.

\openout7 = `thesis.mw'.

\openout7 = `thesis.mw'.

\openout7 = `thesis.mw'.

\openout7 = `thesis.mw'.

\openout7 = `thesis.mw'.

\openout7 = `thesis.mw'.

\openout7 = `thesis.mw'.

\openout7 = `thesis.mw'.

\openout7 = `thesis.mw'.

\openout7 = `thesis.mw'.

\openout7 = `thesis.mw'.

\openout7 = `thesis.mw'.

\openout7 = `thesis.mw'.

\openout7 = `thesis.mw'.

\openout7 = `thesis.mw'.

\openout7 = `thesis.mw'.

\openout7 = `thesis.mw'.

)
(/Users/apple/OVGU/Thesis/code/3dReconstruction/out/text/related_work.aux
\openout7 = `thesis.mw'.

\openout7 = `thesis.mw'.

\openout7 = `thesis.mw'.

\openout7 = `thesis.mw'.

\openout7 = `thesis.mw'.

\openout7 = `thesis.mw'.

\openout7 = `thesis.mw'.

\openout7 = `thesis.mw'.

\openout7 = `thesis.mw'.

\openout7 = `thesis.mw'.

\openout7 = `thesis.mw'.

\openout7 = `thesis.mw'.

\openout7 = `thesis.mw'.

\openout7 = `thesis.mw'.

)
(/Users/apple/OVGU/Thesis/code/3dReconstruction/out/text/concept.aux
\openout7 = `thesis.mw'.

\openout7 = `thesis.mw'.

\openout7 = `thesis.mw'.

\openout7 = `thesis.mw'.

\openout7 = `thesis.mw'.

\openout7 = `thesis.mw'.

\openout7 = `thesis.mw'.

\openout7 = `thesis.mw'.

\openout7 = `thesis.mw'.

\openout7 = `thesis.mw'.

\openout7 = `thesis.mw'.

\openout7 = `thesis.mw'.

\openout7 = `thesis.mw'.

\openout7 = `thesis.mw'.

\openout7 = `thesis.mw'.

\openout7 = `thesis.mw'.

\openout7 = `thesis.mw'.

\openout7 = `thesis.mw'.

\openout7 = `thesis.mw'.

\openout7 = `thesis.mw'.

)
(/Users/apple/OVGU/Thesis/code/3dReconstruction/out/text/implementation.aux
\openout7 = `thesis.mw'.

\openout7 = `thesis.mw'.

\openout7 = `thesis.mw'.

\openout7 = `thesis.mw'.

\openout7 = `thesis.mw'.

\openout7 = `thesis.mw'.

\openout7 = `thesis.mw'.

\openout7 = `thesis.mw'.

\openout7 = `thesis.mw'.

\openout7 = `thesis.mw'.

\openout7 = `thesis.mw'.

\openout7 = `thesis.mw'.

)
(/Users/apple/OVGU/Thesis/code/3dReconstruction/out/text/evaluation.aux
\openout7 = `thesis.mw'.

\openout7 = `thesis.mw'.

\openout7 = `thesis.mw'.

\openout7 = `thesis.mw'.

\openout7 = `thesis.mw'.

\openout7 = `thesis.mw'.

\openout7 = `thesis.mw'.

\openout7 = `thesis.mw'.

\openout7 = `thesis.mw'.

\openout7 = `thesis.mw'.

\openout7 = `thesis.mw'.

\openout7 = `thesis.mw'.

\openout7 = `thesis.mw'.

\openout7 = `thesis.mw'.

\openout7 = `thesis.mw'.

\openout7 = `thesis.mw'.

)
(/Users/apple/OVGU/Thesis/code/3dReconstruction/out/text/conclusion.aux
\openout7 = `thesis.mw'.

\openout7 = `thesis.mw'.

\openout7 = `thesis.mw'.

\openout7 = `thesis.mw'.

\openout7 = `thesis.mw'.

\openout7 = `thesis.mw'.

\openout7 = `thesis.mw'.

\openout7 = `thesis.mw'.

\openout7 = `thesis.mw'.

\openout7 = `thesis.mw'.

\openout7 = `thesis.mw'.

\openout7 = `thesis.mw'.

)
(/Users/apple/OVGU/Thesis/code/3dReconstruction/out/text/appendix.aux
\openout7 = `thesis.mw'.

\openout7 = `thesis.mw'.

\openout7 = `thesis.mw'.

\openout7 = `thesis.mw'.

)
(/Users/apple/OVGU/Thesis/code/3dReconstruction/out/text/tutorial.aux
\openout7 = `thesis.mw'.

\openout7 = `thesis.mw'.

\openout7 = `thesis.mw'.

\openout7 = `thesis.mw'.

\openout7 = `thesis.mw'.

\openout7 = `thesis.mw'.

\openout7 = `thesis.mw'.

\openout7 = `thesis.mw'.

\openout7 = `thesis.mw'.

\openout7 = `thesis.mw'.

\openout7 = `thesis.mw'.

\openout7 = `thesis.mw'.

\openout7 = `thesis.mw'.

\openout7 = `thesis.mw'.

))
\openout7 = `thesis.out'.

Package rerunfilecheck Info: File `thesis.out' has not changed.
(rerunfilecheck)             Checksum: 9E8970B789574FBB40D7108EBEC15257;7369.
\openout7 = `thesis.idx'.

\openout7 = `thesis.glo'.

\openout7 = `thesis.acn'.

\openout7 = `thesis.stn'.

\openout7 = `thesis.toc'.

\openout7 = `thesis.lof'.

\openout7 = `thesis.lot'.

\openout7 = `thesis.lol'.

 ) 
Here is how much of TeX's memory you used:
 40629 strings out of 478994
 758645 string characters out of 5858185
 1241789 words of memory out of 5000000
 56652 multiletter control sequences out of 15000+600000
 520417 words of font info for 407 fonts, out of 8000000 for 9000
 1141 hyphenation exceptions out of 8191
 117i,18n,116p,1010b,967s stack positions out of 5000i,500n,10000p,200000b,80000s
{/usr/local/texlive/2021/texmf-dist/fonts/enc/dvips/libertine/lbtn_25tcsq.enc
}</usr/local/texlive/2021/texmf-dist/fonts/type1/public/libertine/LinBiolinumT.
pfb></usr/local/texlive/2021/texmf-dist/fonts/type1/public/libertine/LinBiolinu
mTB.pfb></usr/local/texlive/2021/texmf-dist/fonts/type1/public/libertine/LinBio
linumTI.pfb></usr/local/texlive/2021/texmf-dist/fonts/type1/public/amsfonts/cm/
cmb10.pfb></usr/local/texlive/2021/texmf-dist/fonts/type1/public/amsfonts/cm/cm
mi12.pfb></usr/local/texlive/2021/texmf-dist/fonts/type1/public/amsfonts/cm/cmm
i8.pfb></usr/local/texlive/2021/texmf-dist/fonts/type1/public/amsfonts/cm/cmr10
.pfb></usr/local/texlive/2021/texmf-dist/fonts/type1/public/amsfonts/cm/cmr12.p
fb></usr/local/texlive/2021/texmf-dist/fonts/type1/public/amsfonts/cm/cmr7.pfb>
</usr/local/texlive/2021/texmf-dist/fonts/type1/public/amsfonts/cm/cmr8.pfb></u
sr/local/texlive/2021/texmf-dist/fonts/type1/public/amsfonts/cm/cmsy10.pfb></us
r/local/texlive/2021/texmf-dist/fonts/type1/public/amsfonts/cm/cmsy6.pfb></usr/
local/texlive/2021/texmf-dist/fonts/type1/public/amsfonts/cm/cmsy8.pfb></usr/lo
cal/texlive/2021/texmf-dist/fonts/type1/public/amsfonts/cm/cmti12.pfb></usr/loc
al/texlive/2021/texmf-dist/fonts/type1/public/wasy-type1/wasy8.pfb>
Output written on /Users/apple/OVGU/Thesis/code/3dReconstruction/out/thesis.pdf
 (37 pages, 342852 bytes).
PDF statistics:
 549 PDF objects out of 1000 (max. 8388607)
 486 compressed objects within 5 object streams
 130 named destinations out of 1000 (max. 500000)
 103285 words of extra memory for PDF output out of 106986 (max. 10000000)

