\BOOKMARK [0][]{Contents.0}{\376\377\000C\000o\000n\000t\000e\000n\000t\000s}{}% 81
\BOOKMARK [0][]{chapter*.4}{\376\377\000L\000i\000s\000t\000\040\000o\000f\000\040\000F\000i\000g\000u\000r\000e\000s}{}% 82
\BOOKMARK [0][]{chapter*.5}{\376\377\000L\000i\000s\000t\000\040\000o\000f\000\040\000T\000a\000b\000l\000e\000s}{}% 83
\BOOKMARK [0][]{chapter*.6}{\376\377\000L\000i\000s\000t\000\040\000o\000f\000\040\000C\000o\000d\000e\000\040\000L\000i\000s\000t\000i\000n\000g\000s}{}% 84
\BOOKMARK [0][]{section*.7}{\376\377\000L\000i\000s\000t\000\040\000o\000f\000\040\000A\000c\000r\000o\000n\000y\000m\000s}{}% 85
\BOOKMARK [0][]{section*.9}{\376\377\000L\000i\000s\000t\000\040\000o\000f\000\040\000S\000y\000m\000b\000o\000l\000s}{}% 86
\BOOKMARK [0][]{chapter.1}{\376\377\0001\000\040\000I\000n\000t\000r\000o\000d\000u\000c\000t\000i\000o\000n}{}% 87
\BOOKMARK [1][]{section.1.1}{\376\377\0001\000.\0001\000\040\000D\000o\000m\000a\000i\000n\000\040\000A\000d\000a\000p\000t\000a\000t\000i\000o\000n\000\040\000v\000s\000\040\000D\000o\000m\000a\000i\000n\000\040\000r\000a\000n\000d\000o\000m\000i\000s\000a\000t\000i\000o\000n}{chapter.1}% 88
\BOOKMARK [1][]{section.1.2}{\376\377\0001\000.\0002\000\040\000V\000o\000l\000u\000m\000e\000t\000r\000i\000c\000\040\000r\000e\000p\000r\000e\000s\000e\000n\000t\000a\000t\000i\000o\000n\000s\000\040\000o\000f\000\040\0003\000D\000\040\000s\000h\000a\000p\000e\000s}{chapter.1}% 89
\BOOKMARK [1][]{section.1.3}{\376\377\0001\000.\0003\000\040\000G\000a\000m\000e\000E\000n\000g\000i\000n\000e\000s}{chapter.1}% 90
\BOOKMARK [1][]{section.1.4}{\376\377\0001\000.\0004\000\040\000B\000a\000c\000k\000g\000r\000o\000u\000n\000d\000\040\000a\000n\000d\000\040\000m\000o\000t\000i\000v\000a\000t\000i\000o\000n}{chapter.1}% 91
\BOOKMARK [1][]{section.1.5}{\376\377\0001\000.\0005\000\040\000G\000o\000a\000l\000\040\000o\000f\000\040\000t\000h\000i\000s\000\040\000T\000h\000e\000s\000i\000s}{chapter.1}% 92
\BOOKMARK [1][]{section.1.6}{\376\377\0001\000.\0006\000\040\000C\000o\000n\000t\000r\000i\000b\000u\000t\000i\000o\000n\000s\000\040\000o\000f\000\040\000t\000h\000i\000s\000\040\000T\000h\000e\000s\000i\000s}{chapter.1}% 93
\BOOKMARK [1][]{section.1.7}{\376\377\0001\000.\0007\000\040\000S\000t\000r\000u\000c\000t\000u\000r\000e\000\040\000o\000f\000\040\000t\000h\000i\000s\000\040\000T\000h\000e\000s\000i\000s}{chapter.1}% 94
\BOOKMARK [0][]{chapter.2}{\376\377\0002\000\040\000R\000e\000l\000a\000t\000e\000d\000\040\000W\000o\000r\000k}{}% 95
\BOOKMARK [1][]{section.2.1}{\376\377\0002\000.\0001\000\040\000I\000n\000d\000o\000o\000r\000\040\000d\000a\000t\000a\000s\000e\000t\000s}{chapter.2}% 96
\BOOKMARK [2][-]{subsection.2.1.1}{\376\377\0002\000.\0001\000.\0001\000\040\000I\000n\000d\000o\000o\000r\000\040\000s\000y\000n\000t\000h\000e\000t\000i\000c\000\040\000d\000a\000t\000a\000s\000e\000t\000s}{section.2.1}% 97
\BOOKMARK [2][-]{subsection.2.1.2}{\376\377\0002\000.\0001\000.\0002\000\040\000T\000o\000o\000l\000s\000\040\000t\000o\000\040\000c\000r\000e\000a\000t\000e\000\040\000s\000y\000n\000t\000h\000e\000t\000i\000c\000\040\000d\000a\000t\000a\000s\000e\000t\000s}{section.2.1}% 98
\BOOKMARK [1][]{section.2.2}{\376\377\0002\000.\0002\000\040\000S\000t\000a\000t\000e\000\040\000o\000f\000\040\000t\000h\000e\000\040\000a\000r\000t\000\040\000f\000o\000r\000\040\0003\000d\000-\000r\000e\000c\000o\000n\000s\000t\000r\000u\000c\000t\000i\000o\000n}{chapter.2}% 99
\BOOKMARK [1][]{section.2.3}{\376\377\0002\000.\0003\000\040\000M\000i\000t\000i\000g\000a\000t\000i\000n\000g\000\040\000d\000o\000m\000a\000i\000n\000\040\000s\000h\000i\000f\000t}{chapter.2}% 100
\BOOKMARK [2][-]{subsection.2.3.1}{\376\377\0002\000.\0003\000.\0001\000\040\000T\000r\000a\000i\000n\000i\000n\000g\000\040\000w\000i\000t\000h\000\040\000s\000y\000n\000t\000h\000e\000t\000i\000c\000\040\000d\000a\000t\000a\000s\000e\000t}{section.2.3}% 101
\BOOKMARK [0][]{chapter.3}{\376\377\0003\000\040\000C\000o\000n\000c\000e\000p\000t}{}% 102
\BOOKMARK [1][]{section.3.1}{\376\377\0003\000.\0001\000\040\000P\000i\000x\0003\000D\000:\000\040\000A\000\040\000l\000a\000r\000g\000e\000-\000s\000c\000a\000l\000e\000\040\000b\000e\000n\000c\000h\000m\000a\000r\000k}{chapter.3}% 103
\BOOKMARK [2][-]{subsection.3.1.1}{\376\377\0003\000.\0001\000.\0001\000\040\000D\000i\000s\000a\000d\000v\000a\000n\000t\000a\000g\000e\000s\000\040\000o\000f\000\040\000P\000i\000x\0003\000D}{section.3.1}% 104
\BOOKMARK [2][-]{subsection.3.1.2}{\376\377\0003\000.\0001\000.\0002\000\040\000W\000h\000y\000\040\000P\000i\000x\0003\000D\000?}{section.3.1}% 105
\BOOKMARK [1][]{section.3.2}{\376\377\0003\000.\0002\000\040\000R\000o\000l\000e\000\040\000o\000f\000\040\000S\000c\000e\000n\000e\000N\000e\000t}{chapter.3}% 106
\BOOKMARK [1][]{section.3.3}{\376\377\0003\000.\0003\000\040\000U\000n\000i\000t\000y\000\040\000b\000a\000s\000e\000d\000\040\000p\000i\000p\000e\000l\000i\000n\000e}{chapter.3}% 107
\BOOKMARK [2][-]{subsection.3.3.1}{\376\377\0003\000.\0003\000.\0001\000\040\000D\000o\000m\000a\000i\000n\000\040\000R\000a\000n\000d\000o\000m\000i\000s\000a\000t\000i\000o\000n\000\040\000w\000i\000t\000h\000\040\000U\000n\000i\000t\000y\000\040\000E\000n\000g\000i\000n\000e}{section.3.3}% 108
\BOOKMARK [3][-]{subsubsection.3.3.1.1}{\376\377\0003\000.\0003\000.\0001\000.\0001\000\040\000S\000c\000e\000n\000e\000s\000\040\000f\000r\000o\000m\000\040\000s\000c\000e\000n\000e\000n\000e\000t}{subsection.3.3.1}% 109
\BOOKMARK [3][-]{subsubsection.3.3.1.2}{\376\377\0003\000.\0003\000.\0001\000.\0002\000\040\000C\000a\000m\000e\000r\000a\000\040\000V\000i\000e\000w\000p\000o\000i\000n\000t\000s}{subsection.3.3.1}% 110
\BOOKMARK [3][-]{subsubsection.3.3.1.3}{\376\377\0003\000.\0003\000.\0001\000.\0003\000\040\000L\000i\000g\000h\000t\000i\000n\000g\000\040\000a\000n\000d\000\040\000s\000h\000a\000d\000o\000w\000s}{subsection.3.3.1}% 111
\BOOKMARK [3][-]{subsubsection.3.3.1.4}{\376\377\0003\000.\0003\000.\0001\000.\0004\000\040\000R\000a\000n\000d\000o\000m\000i\000s\000e\000d\000\040\000t\000e\000x\000t\000u\000r\000e\000s}{subsection.3.3.1}% 112
\BOOKMARK [3][-]{subsubsection.3.3.1.5}{\376\377\0003\000.\0003\000.\0001\000.\0005\000\040\000R\000e\000p\000l\000a\000c\000i\000n\000g\000\040\000t\000a\000r\000g\000e\000t\000\040\000o\000b\000j\000e\000c\000t\000s}{subsection.3.3.1}% 113
\BOOKMARK [1][]{section.3.4}{\376\377\0003\000.\0004\000\040\000f\000r\000e\000e\000,\000\040\000a\000\040\000P\000i\000x\0003\000D\000\040\000b\000a\000s\000e\000d\000\040\000s\000y\000t\000h\000e\000t\000i\000c\000\040\000d\000a\000t\000a\000s\000e\000t}{chapter.3}% 114
\BOOKMARK [1][]{section.3.5}{\376\377\0003\000.\0005\000\040\0003\000D\000\040\000r\000e\000c\000o\000n\000s\000t\000r\000u\000c\000t\000i\000o\000n}{chapter.3}% 115
\BOOKMARK [1][]{section.3.6}{\376\377\0003\000.\0006\000\040\0003\000D\000\040\000r\000e\000c\000o\000n\000s\000t\000r\000u\000c\000t\000i\000o\000n\000\040\000p\000i\000p\000e\000l\000i\000n\000e}{chapter.3}% 116
\BOOKMARK [2][-]{subsection.3.6.1}{\376\377\0003\000.\0006\000.\0001\000\040\000P\000i\000x\0002\000V\000o\000x\000\040\000a\000n\000d\000\040\000P\000i\000x\0002\000V\000o\000x\000+\000+}{section.3.6}% 117
\BOOKMARK [3][-]{subsubsection.3.6.1.1}{\376\377\0003\000.\0006\000.\0001\000.\0001\000\040\000W\000h\000y\000\040\000P\000i\000x\0002\000V\000o\000x\000?}{subsection.3.6.1}% 118
\BOOKMARK [1][]{section.3.7}{\376\377\0003\000.\0007\000\040\000V\000i\000s\000u\000a\000l\000i\000s\000i\000n\000g\000\040\000d\000o\000m\000a\000i\000n\000\040\000s\000p\000a\000c\000e\000r\000e\000d\000\040\000e\000x\000p\000l\000a\000i\000n\000\040\000t\000s\000n\000e\000,\000\040\000a\000n\000d\000\040\000q\000u\000a\000n\000t\000i\000t\000a\000t\000i\000v\000e\000\040\000m\000e\000a\000s\000u\000r\000e\000s\000\040\000u\000s\000e\000d}{chapter.3}% 119
\BOOKMARK [2][-]{subsection.3.7.1}{\376\377\0003\000.\0007\000.\0001\000\040\000M\000a\000x\000i\000m\000u\000m\000\040\000M\000e\000a\000n\000\040\000D\000i\000s\000c\000r\000e\000p\000a\000n\000c\000y\000\050\000M\000M\000D\000\051}{section.3.7}% 120
\BOOKMARK [2][-]{subsection.3.7.2}{\376\377\0003\000.\0007\000.\0002\000\040\000F\000r\000\351\000c\000h\000e\000t\000\040\000I\000n\000c\000e\000p\000t\000i\000o\000n\000\040\000D\000i\000s\000t\000a\000n\000c\000e\000\050\000F\000I\000D\000\051\000\051}{section.3.7}% 121
\BOOKMARK [0][]{chapter.4}{\376\377\0004\000\040\000I\000m\000p\000l\000e\000m\000e\000n\000t\000a\000t\000i\000o\000n}{}% 122
\BOOKMARK [1][]{section.4.1}{\376\377\0004\000.\0001\000\040\0003\000D\000-\000S\000c\000e\000n\000e\000\040\000f\000r\000a\000m\000e\000w\000o\000r\000k}{chapter.4}% 123
\BOOKMARK [2][-]{subsection.4.1.1}{\376\377\0004\000.\0001\000.\0001\000\040\000M\000o\000d\000e\000s\000\040\000o\000f\000\040\000o\000p\000e\000r\000a\000t\000i\000o\000n\000s}{section.4.1}% 124
\BOOKMARK [2][-]{subsection.4.1.2}{\376\377\0004\000.\0001\000.\0002\000\040\000S\000c\000e\000n\000e\000s\000\040\000f\000r\000o\000m\000\040\000S\000c\000e\000n\000e\000N\000e\000t}{section.4.1}% 125
\BOOKMARK [2][-]{subsection.4.1.3}{\376\377\0004\000.\0001\000.\0003\000\040\000C\000a\000m\000e\000r\000a\000\040\000V\000i\000e\000w\000P\000o\000i\000n\000t\000s}{section.4.1}% 126
\BOOKMARK [2][-]{subsection.4.1.4}{\376\377\0004\000.\0001\000.\0004\000\040\000L\000i\000g\000h\000t\000i\000n\000g\000s\000\040\000a\000n\000d\000\040\000S\000h\000a\000d\000o\000w\000s}{section.4.1}% 127
\BOOKMARK [2][-]{subsection.4.1.5}{\376\377\0004\000.\0001\000.\0005\000\040\000R\000a\000n\000d\000o\000m\000i\000s\000e\000d\000\040\000T\000e\000x\000t\000u\000r\000e}{section.4.1}% 128
\BOOKMARK [2][-]{subsection.4.1.6}{\376\377\0004\000.\0001\000.\0006\000\040\000R\000e\000p\000l\000a\000c\000i\000n\000g\000\040\000t\000a\000r\000g\000e\000t\000\040\000O\000b\000j\000e\000c\000t\000s}{section.4.1}% 129
\BOOKMARK [2][-]{subsection.4.1.7}{\376\377\0004\000.\0001\000.\0007\000\040\000S\000n\000a\000p\000s\000h\000o\000t\000s\000\040\000w\000i\000t\000h\000\040\000M\000L\000-\000I\000m\000a\000g\000e\000S\000y\000n\000t\000h\000e\000s\000i\000s}{section.4.1}% 130
\BOOKMARK [1][]{section.4.2}{\376\377\0004\000.\0002\000\040\0003\000d\000-\000R\000e\000c\000o\000n\000s\000t\000r\000u\000c\000t\000i\000o\000n\000\040\000f\000r\000a\000m\000e\000w\000o\000r\000k}{chapter.4}% 131
\BOOKMARK [2][-]{subsection.4.2.1}{\376\377\0004\000.\0002\000.\0001\000\040\000P\000r\000e\000p\000r\000o\000c\000e\000s\000s\000i\000n\000g}{section.4.2}% 132
\BOOKMARK [2][-]{subsection.4.2.2}{\376\377\0004\000.\0002\000.\0002\000\040\000M\000o\000d\000e\000l\000l\000i\000n\000g}{section.4.2}% 133
\BOOKMARK [2][-]{subsection.4.2.3}{\376\377\0004\000.\0002\000.\0003\000\040\000E\000v\000a\000l\000u\000a\000t\000i\000o\000n}{section.4.2}% 134
\BOOKMARK [0][]{chapter.5}{\376\377\0005\000\040\000E\000v\000a\000l\000u\000a\000t\000i\000o\000n}{}% 135
\BOOKMARK [1][]{section.5.1}{\376\377\0005\000.\0001\000\040\000A\000\040\000s\000u\000r\000v\000e\000y\000\040\000o\000n\000\040\000p\000h\000o\000t\000o\000r\000e\000a\000l\000i\000s\000m}{chapter.5}% 136
\BOOKMARK [2][-]{subsection.5.1.1}{\376\377\0005\000.\0001\000.\0001\000\040\000S\000u\000r\000v\000e\000y\000\040\000r\000e\000s\000u\000l\000t\000s}{section.5.1}% 137
\BOOKMARK [3][-]{subsubsection.5.1.1.1}{\376\377\0005\000.\0001\000.\0001\000.\0001\000\040\000S\000e\000c\000t\000i\000o\000n\000\040\0001\000:\000\040\000R\000e\000a\000l\000\040\000o\000r\000\040\000N\000o\000t}{subsection.5.1.1}% 138
\BOOKMARK [3][-]{subsubsection.5.1.1.2}{\376\377\0005\000.\0001\000.\0001\000.\0002\000\040\000S\000e\000c\000t\000i\000o\000n\000\040\0002\000:\000\040\000L\000i\000k\000e\000r\000t\000\040\000S\000c\000a\000l\000e}{subsection.5.1.1}% 139
\BOOKMARK [3][-]{subsubsection.5.1.1.3}{\376\377\0005\000.\0001\000.\0001\000.\0003\000\040\000S\000e\000c\000t\000i\000o\000n\000\040\0003\000:\000\040\000R\000a\000n\000k\000\040\000b\000y\000\040\000c\000o\000m\000p\000a\000r\000i\000s\000o\000n}{subsection.5.1.1}% 140
\BOOKMARK [3][-]{subsubsection.5.1.1.4}{\376\377\0005\000.\0001\000.\0001\000.\0004\000\040\000S\000u\000m\000m\000a\000r\000y\000\040\000f\000o\000r\000\040\000s\000u\000r\000v\000e\000y}{subsection.5.1.1}% 141
\BOOKMARK [1][]{section.5.2}{\376\377\0005\000.\0002\000\040\000D\000o\000m\000a\000i\000n\000\040\000g\000a\000p\000s}{chapter.5}% 142
\BOOKMARK [2][-]{subsection.5.2.1}{\376\377\0005\000.\0002\000.\0001\000\040\000Q\000u\000a\000l\000i\000t\000a\000t\000i\000v\000e}{section.5.2}% 143
\BOOKMARK [2][-]{subsection.5.2.2}{\376\377\0005\000.\0002\000.\0002\000\040\000Q\000u\000a\000n\000t\000i\000t\000a\000t\000i\000v\000e}{section.5.2}% 144
\BOOKMARK [1][]{section.5.3}{\376\377\0005\000.\0003\000\040\000D\000a\000t\000a\000s\000e\000t\000s}{chapter.5}% 145
\BOOKMARK [2][-]{subsection.5.3.1}{\376\377\0005\000.\0003\000.\0001\000\040\000P\000i\000x\0003\000D}{section.5.3}% 146
\BOOKMARK [2][-]{subsection.5.3.2}{\376\377\0005\000.\0003\000.\0002\000\040\000f\000r\000e\000e\000\040\000V\000e\000r\000s\000i\000o\000n\000\040\0001}{section.5.3}% 147
\BOOKMARK [2][-]{subsection.5.3.3}{\376\377\0005\000.\0003\000.\0003\000\040\000f\000r\000e\000e\000\040\000V\000e\000r\000s\000i\000o\000n\000\040\0002}{section.5.3}% 148
\BOOKMARK [2][-]{subsection.5.3.4}{\376\377\0005\000.\0003\000.\0004\000\040\000f\000r\000e\000e\000\040\000A\000b\000l\000a\000t\000i\000o\000n}{section.5.3}% 149
\BOOKMARK [3][-]{subsubsection.5.3.4.1}{\376\377\0005\000.\0003\000.\0004\000.\0001\000\040\0002\000R\000:\0003\000D\000F\000R\000E\000E\000\137\000T\000e\000x\000t\000u\000r\000e\000l\000e\000s\000s}{subsection.5.3.4}% 150
\BOOKMARK [3][-]{subsubsection.5.3.4.2}{\376\377\0005\000.\0003\000.\0004\000.\0002\000\040\000f\000r\000e\000e\000\137\000T\000e\000x\000t\000u\000r\000e\000l\000e\000s\000s\000\137\000L\000i\000g\000h\000t}{subsection.5.3.4}% 151
\BOOKMARK [3][-]{subsubsection.5.3.4.3}{\376\377\0005\000.\0003\000.\0004\000.\0003\000\040\000f\000r\000e\000e\000\137\000T\000e\000x\000t\000u\000r\000e\000d}{subsection.5.3.4}% 152
\BOOKMARK [3][-]{subsubsection.5.3.4.4}{\376\377\0005\000.\0003\000.\0004\000.\0004\000\040\000f\000r\000e\000e\000\137\000T\000e\000x\000t\000u\000r\000e\000d\000\137\000L\000i\000g\000h\000t}{subsection.5.3.4}% 153
\BOOKMARK [3][-]{subsubsection.5.3.4.5}{\376\377\0005\000.\0003\000.\0004\000.\0005\000\040\000f\000r\000e\000e\000\137\000C\000h\000a\000i\000r}{subsection.5.3.4}% 154
\BOOKMARK [1][]{section.5.4}{\376\377\0005\000.\0004\000\040\000B\000a\000s\000e\000l\000i\000n\000e}{chapter.5}% 155
\BOOKMARK [1][]{section.5.5}{\376\377\0005\000.\0005\000\040\000F\000i\000n\000e\000\040\000T\000u\000n\000i\000n\000g}{chapter.5}% 156
\BOOKMARK [1][]{section.5.6}{\376\377\0005\000.\0006\000\040\000M\000i\000x\000e\000d\000\040\000T\000r\000a\000i\000n\000i\000n\000g}{chapter.5}% 157
\BOOKMARK [1][]{section.5.7}{\376\377\0005\000.\0007\000\040\000A\000b\000l\000a\000t\000i\000o\000n\000\040\000s\000t\000u\000d\000y\000\040\000o\000n\000\040\000c\000h\000a\000i\000r\000s}{chapter.5}% 158
\BOOKMARK [2][-]{subsection.5.7.1}{\376\377\0005\000.\0007\000.\0001\000\040\000D\000o\000m\000a\000i\000n\000\040\000r\000a\000n\000d\000o\000m\000i\000s\000a\000t\000i\000o\000n\000\040\000o\000n\000\040\000c\000h\000a\000i\000r\000\040\000d\000a\000t\000a\000s\000e\000t}{section.5.7}% 159
\BOOKMARK [2][-]{subsection.5.7.2}{\376\377\0005\000.\0007\000.\0002\000\040\000D\000o\000m\000a\000i\000n\000\040\000r\000a\000n\000d\000o\000m\000i\000s\000a\000t\000i\000o\000n\000\040\000w\000i\000t\000h\000\040\000M\000i\000x\000e\000d\000\040\000t\000r\000a\000i\000n\000i\000n\000g}{section.5.7}% 160
\BOOKMARK [0][]{chapter.6}{\376\377\0006\000\040\000C\000o\000n\000c\000l\000u\000s\000i\000o\000n}{}% 161
\BOOKMARK [1][]{section.6.1}{\376\377\0006\000.\0001\000\040\000S\000u\000m\000m\000a\000r\000y}{chapter.6}% 162
\BOOKMARK [1][]{section.6.2}{\376\377\0006\000.\0002\000\040\000L\000i\000m\000i\000t\000a\000t\000i\000o\000n\000s}{chapter.6}% 163
\BOOKMARK [2][-]{subsection.6.2.1}{\376\377\0006\000.\0002\000.\0001\000\040\000U\000n\000i\000t\000y\000\040\000G\000a\000m\000e\000\040\000E\000n\000g\000i\000n\000e}{section.6.2}% 164
\BOOKMARK [2][-]{subsection.6.2.2}{\376\377\0006\000.\0002\000.\0002\000\040\000C\000o\000n\000f\000i\000g\000u\000r\000i\000n\000g\000\040\000s\000y\000n\000t\000h\000e\000t\000i\000c\000\040\000d\000a\000t\000a\000s\000e\000t\000\040\000g\000e\000n\000e\000r\000a\000t\000i\000o\000n\000\040\000p\000i\000p\000e\000l\000i\000n\000e}{section.6.2}% 165
\BOOKMARK [2][-]{subsection.6.2.3}{\376\377\0006\000.\0002\000.\0003\000\040\000H\000i\000g\000h\000\040\000D\000e\000f\000i\000n\000i\000t\000i\000o\000n\000\040\000R\000e\000n\000d\000e\000r\000\040\000P\000i\000p\000e\000l\000i\000n\000e}{section.6.2}% 166
\BOOKMARK [1][]{section.6.3}{\376\377\0006\000.\0003\000\040\000F\000u\000t\000u\000r\000e\000\040\000S\000c\000o\000p\000e}{chapter.6}% 167
\BOOKMARK [2][-]{subsection.6.3.1}{\376\377\0006\000.\0003\000.\0001\000\040\000D\000o\000m\000a\000i\000n\000\040\000a\000d\000a\000p\000t\000a\000t\000i\000o\000n\000\040\000u\000s\000i\000n\000g\000\040\000G\000e\000n\000e\000r\000a\000t\000i\000v\000e\000\040\000m\000o\000d\000e\000l\000s}{section.6.3}% 168
\BOOKMARK [2][-]{subsection.6.3.2}{\376\377\0006\000.\0003\000.\0002\000\040\000A\000\040\000s\000t\000u\000d\000y\000\040\000o\000n\000\040\000S\000t\000y\000l\000e\000\040\000t\000r\000a\000n\000s\000f\000e\000r\000\040\000w\000i\000t\000h\000\040\000G\000-\000b\000u\000f\000f\000e\000r\000s}{section.6.3}% 169
\BOOKMARK [2][-]{subsection.6.3.3}{\376\377\0006\000.\0003\000.\0003\000\040\000I\000n\000t\000e\000g\000r\000a\000t\000i\000n\000g\000\040\000t\000h\000e\000\040\000f\000r\000a\000m\000e\000w\000o\000r\000k\000\040\000w\000i\000t\000h\000\040\000U\000n\000i\000t\000y\000\040\000C\000l\000o\000u\000d}{section.6.3}% 170
\BOOKMARK [2][-]{subsection.6.3.4}{\376\377\0006\000.\0003\000.\0004\000\040\000O\000t\000h\000e\000r\000\040\000f\000o\000r\000m\000s\000\040\000o\000f\000\040\000r\000e\000p\000r\000e\000s\000e\000n\000t\000a\000t\000i\000o\000n\000s}{section.6.3}% 171
\BOOKMARK [2][-]{subsection.6.3.5}{\376\377\0006\000.\0003\000.\0005\000\040\000I\000n\000c\000r\000e\000a\000s\000i\000n\000g\000\040\000t\000h\000e\000\040\000s\000y\000n\000t\000h\000e\000t\000i\000c\000\040\000d\000a\000t\000a\000s\000e\000t}{section.6.3}% 172
\BOOKMARK [0][]{appendix*.48}{\376\377\000A\000p\000p\000e\000n\000d\000i\000x}{}% 173
\BOOKMARK [0][]{appendix*.51}{\376\377\000B\000i\000b\000l\000i\000o\000g\000r\000a\000p\000h\000y}{}% 174
